Classic Timing Analyzer report for Fsm1_sequential_detection
Wed Dec 22 08:23:44 2021
Quartus II Version 7.2 Build 151 09/26/2007 SJ Full Version


---------------------
; Table of Contents ;
---------------------
  1. Legal Notice
  2. Timing Analyzer Summary
  3. Timing Analyzer Settings
  4. Clock Settings Summary
  5. Clock Setup: 'Ck'
  6. tsu
  7. tco
  8. tpd
  9. th
 10. Timing Analyzer Messages



----------------
; Legal Notice ;
----------------
Copyright (C) 1991-2007 Altera Corporation
Your use of Altera Corporation's design tools, logic functions 
and other software and tools, and its AMPP partner logic 
functions, and any output files from any of the foregoing 
(including device programming or simulation files), and any 
associated documentation or information are expressly subject 
to the terms and conditions of the Altera Program License 
Subscription Agreement, Altera MegaCore Function License 
Agreement, or other applicable license agreement, including, 
without limitation, that your use is for the sole purpose of 
programming logic devices manufactured by Altera and sold by 
Altera or its authorized distributors.  Please refer to the 
applicable agreement for further details.



+------------------------------------------------------------------------------------------------------------------------------------------------------------------------------+
; Timing Analyzer Summary                                                                                                                                                      ;
+------------------------------+-------+---------------+------------------------------------------------+---------------+---------------+------------+----------+--------------+
; Type                         ; Slack ; Required Time ; Actual Time                                    ; From          ; To            ; From Clock ; To Clock ; Failed Paths ;
+------------------------------+-------+---------------+------------------------------------------------+---------------+---------------+------------+----------+--------------+
; Worst-case tsu               ; N/A   ; None          ; 2.406 ns                                       ; i_X           ; State.state_c ; --         ; Ck       ; 0            ;
; Worst-case tco               ; N/A   ; None          ; 5.479 ns                                       ; State.state_d ; o_Y           ; Ck         ; --       ; 0            ;
; Worst-case tpd               ; N/A   ; None          ; 7.123 ns                                       ; i_X           ; o_Y           ; --         ; --       ; 0            ;
; Worst-case th                ; N/A   ; None          ; -2.163 ns                                      ; i_X           ; State.state_a ; --         ; Ck       ; 0            ;
; Clock Setup: 'Ck'            ; N/A   ; None          ; Restricted to 500.00 MHz ( period = 2.000 ns ) ; State.state_d ; State.state_c ; Ck         ; Ck       ; 0            ;
; Total number of failed paths ;       ;               ;                                                ;               ;               ;            ;          ; 0            ;
+------------------------------+-------+---------------+------------------------------------------------+---------------+---------------+------------+----------+--------------+


+---------------------------------------------------------------------------------------------------------------+
; Timing Analyzer Settings                                                                                      ;
+----------------------------------------------------------------+--------------------+------+----+-------------+
; Option                                                         ; Setting            ; From ; To ; Entity Name ;
+----------------------------------------------------------------+--------------------+------+----+-------------+
; Device Name                                                    ; EP2S15F484C3       ;      ;    ;             ;
; Timing Models                                                  ; Final              ;      ;    ;             ;
; Default hold multicycle                                        ; Same as Multicycle ;      ;    ;             ;
; Cut paths between unrelated clock domains                      ; On                 ;      ;    ;             ;
; Cut off read during write signal paths                         ; On                 ;      ;    ;             ;
; Cut off feedback from I/O pins                                 ; On                 ;      ;    ;             ;
; Report Combined Fast/Slow Timing                               ; Off                ;      ;    ;             ;
; Ignore Clock Settings                                          ; Off                ;      ;    ;             ;
; Analyze latches as synchronous elements                        ; On                 ;      ;    ;             ;
; Enable Recovery/Removal analysis                               ; Off                ;      ;    ;             ;
; Enable Clock Latency                                           ; Off                ;      ;    ;             ;
; Use TimeQuest Timing Analyzer                                  ; Off                ;      ;    ;             ;
; Number of source nodes to report per destination node          ; 10                 ;      ;    ;             ;
; Number of destination nodes to report                          ; 10                 ;      ;    ;             ;
; Number of paths to report                                      ; 200                ;      ;    ;             ;
; Report Minimum Timing Checks                                   ; Off                ;      ;    ;             ;
; Use Fast Timing Models                                         ; Off                ;      ;    ;             ;
; Report IO Paths Separately                                     ; Off                ;      ;    ;             ;
; Perform Multicorner Analysis                                   ; On                 ;      ;    ;             ;
; Reports the worst-case path for each clock domain and analysis ; Off                ;      ;    ;             ;
+----------------------------------------------------------------+--------------------+------+----+-------------+


+------------------------------------------------------------------------------------------------------------------------------------------------------------------------------------+
; Clock Settings Summary                                                                                                                                                             ;
+-----------------+--------------------+----------+------------------+---------------+--------------+----------+-----------------------+---------------------+--------+--------------+
; Clock Node Name ; Clock Setting Name ; Type     ; Fmax Requirement ; Early Latency ; Late Latency ; Based on ; Multiply Base Fmax by ; Divide Base Fmax by ; Offset ; Phase offset ;
+-----------------+--------------------+----------+------------------+---------------+--------------+----------+-----------------------+---------------------+--------+--------------+
; Ck              ;                    ; User Pin ; None             ; 0.000 ns      ; 0.000 ns     ; --       ; N/A                   ; N/A                 ; N/A    ;              ;
+-----------------+--------------------+----------+------------------+---------------+--------------+----------+-----------------------+---------------------+--------+--------------+


+----------------------------------------------------------------------------------------------------------------------------------------------------------------------------------------------------+
; Clock Setup: 'Ck'                                                                                                                                                                                  ;
+-------+------------------------------------------------+---------------+---------------+------------+----------+-----------------------------+---------------------------+-------------------------+
; Slack ; Actual fmax (period)                           ; From          ; To            ; From Clock ; To Clock ; Required Setup Relationship ; Required Longest P2P Time ; Actual Longest P2P Time ;
+-------+------------------------------------------------+---------------+---------------+------------+----------+-----------------------------+---------------------------+-------------------------+
; N/A   ; Restricted to 500.00 MHz ( period = 2.000 ns ) ; State.state_d ; State.state_c ; Ck         ; Ck       ; None                        ; None                      ; 0.592 ns                ;
; N/A   ; Restricted to 500.00 MHz ( period = 2.000 ns ) ; State.state_c ; State.state_a ; Ck         ; Ck       ; None                        ; None                      ; 0.418 ns                ;
; N/A   ; Restricted to 500.00 MHz ( period = 2.000 ns ) ; State.state_c ; State.state_d ; Ck         ; Ck       ; None                        ; None                      ; 0.411 ns                ;
; N/A   ; Restricted to 500.00 MHz ( period = 2.000 ns ) ; State.state_a ; State.state_c ; Ck         ; Ck       ; None                        ; None                      ; 0.410 ns                ;
+-------+------------------------------------------------+---------------+---------------+------------+----------+-----------------------------+---------------------------+-------------------------+


+---------------------------------------------------------------------+
; tsu                                                                 ;
+-------+--------------+------------+------+---------------+----------+
; Slack ; Required tsu ; Actual tsu ; From ; To            ; To Clock ;
+-------+--------------+------------+------+---------------+----------+
; N/A   ; None         ; 2.406 ns   ; i_X  ; State.state_d ; Ck       ;
; N/A   ; None         ; 2.406 ns   ; i_X  ; State.state_c ; Ck       ;
; N/A   ; None         ; 2.402 ns   ; i_X  ; State.state_a ; Ck       ;
+-------+--------------+------------+------+---------------+----------+


+----------------------------------------------------------------------+
; tco                                                                  ;
+-------+--------------+------------+---------------+-----+------------+
; Slack ; Required tco ; Actual tco ; From          ; To  ; From Clock ;
+-------+--------------+------------+---------------+-----+------------+
; N/A   ; None         ; 5.479 ns   ; State.state_d ; o_Y ; Ck         ;
+-------+--------------+------------+---------------+-----+------------+


+----------------------------------------------------------+
; tpd                                                      ;
+-------+-------------------+-----------------+------+-----+
; Slack ; Required P2P Time ; Actual P2P Time ; From ; To  ;
+-------+-------------------+-----------------+------+-----+
; N/A   ; None              ; 7.123 ns        ; i_X  ; o_Y ;
+-------+-------------------+-----------------+------+-----+


+---------------------------------------------------------------------------+
; th                                                                        ;
+---------------+-------------+-----------+------+---------------+----------+
; Minimum Slack ; Required th ; Actual th ; From ; To            ; To Clock ;
+---------------+-------------+-----------+------+---------------+----------+
; N/A           ; None        ; -2.163 ns ; i_X  ; State.state_a ; Ck       ;
; N/A           ; None        ; -2.167 ns ; i_X  ; State.state_d ; Ck       ;
; N/A           ; None        ; -2.167 ns ; i_X  ; State.state_c ; Ck       ;
+---------------+-------------+-----------+------+---------------+----------+


+--------------------------+
; Timing Analyzer Messages ;
+--------------------------+
Info: *******************************************************************
Info: Running Quartus II Classic Timing Analyzer
    Info: Version 7.2 Build 151 09/26/2007 SJ Full Version
    Info: Processing started: Wed Dec 22 08:23:43 2021
Info: Command: quartus_tan --read_settings_files=off --write_settings_files=off Fsm1_sequential_detection -c Fsm1_sequential_detection --timing_analysis_only
Warning: Found pins functioning as undefined clocks and/or memory enables
    Info: Assuming node "Ck" is an undefined clock
Info: Clock "Ck" Internal fmax is restricted to 500.0 MHz between source register "State.state_d" and destination register "State.state_c"
    Info: fmax restricted to clock pin edge rate 2.0 ns. Expand message to see actual delay path.
        Info: + Longest register to register delay is 0.592 ns
            Info: 1: + IC(0.000 ns) + CELL(0.000 ns) = 0.000 ns; Loc. = LCFF_X39_Y21_N19; Fanout = 2; REG Node = 'State.state_d'
            Info: 2: + IC(0.212 ns) + CELL(0.225 ns) = 0.437 ns; Loc. = LCCOMB_X39_Y21_N16; Fanout = 1; COMB Node = 'Selector2~14'
            Info: 3: + IC(0.000 ns) + CELL(0.155 ns) = 0.592 ns; Loc. = LCFF_X39_Y21_N17; Fanout = 2; REG Node = 'State.state_c'
            Info: Total cell delay = 0.380 ns ( 64.19 % )
            Info: Total interconnect delay = 0.212 ns ( 35.81 % )
        Info: - Smallest clock skew is 0.000 ns
            Info: + Shortest clock path from clock "Ck" to destination register is 2.490 ns
                Info: 1: + IC(0.000 ns) + CELL(0.854 ns) = 0.854 ns; Loc. = PIN_N20; Fanout = 1; CLK Node = 'Ck'
                Info: 2: + IC(0.343 ns) + CELL(0.000 ns) = 1.197 ns; Loc. = CLKCTRL_G3; Fanout = 3; COMB Node = 'Ck~clkctrl'
                Info: 3: + IC(0.675 ns) + CELL(0.618 ns) = 2.490 ns; Loc. = LCFF_X39_Y21_N17; Fanout = 2; REG Node = 'State.state_c'
                Info: Total cell delay = 1.472 ns ( 59.12 % )
                Info: Total interconnect delay = 1.018 ns ( 40.88 % )
            Info: - Longest clock path from clock "Ck" to source register is 2.490 ns
                Info: 1: + IC(0.000 ns) + CELL(0.854 ns) = 0.854 ns; Loc. = PIN_N20; Fanout = 1; CLK Node = 'Ck'
                Info: 2: + IC(0.343 ns) + CELL(0.000 ns) = 1.197 ns; Loc. = CLKCTRL_G3; Fanout = 3; COMB Node = 'Ck~clkctrl'
                Info: 3: + IC(0.675 ns) + CELL(0.618 ns) = 2.490 ns; Loc. = LCFF_X39_Y21_N19; Fanout = 2; REG Node = 'State.state_d'
                Info: Total cell delay = 1.472 ns ( 59.12 % )
                Info: Total interconnect delay = 1.018 ns ( 40.88 % )
        Info: + Micro clock to output delay of source is 0.094 ns
        Info: + Micro setup delay of destination is 0.090 ns
Info: tsu for register "State.state_d" (data pin = "i_X", clock pin = "Ck") is 2.406 ns
    Info: + Longest pin to register delay is 4.806 ns
        Info: 1: + IC(0.000 ns) + CELL(0.800 ns) = 0.800 ns; Loc. = PIN_H6; Fanout = 4; PIN Node = 'i_X'
        Info: 2: + IC(3.505 ns) + CELL(0.346 ns) = 4.651 ns; Loc. = LCCOMB_X39_Y21_N18; Fanout = 1; COMB Node = 'Next_State.state_d~1'
        Info: 3: + IC(0.000 ns) + CELL(0.155 ns) = 4.806 ns; Loc. = LCFF_X39_Y21_N19; Fanout = 2; REG Node = 'State.state_d'
        Info: Total cell delay = 1.301 ns ( 27.07 % )
        Info: Total interconnect delay = 3.505 ns ( 72.93 % )
    Info: + Micro setup delay of destination is 0.090 ns
    Info: - Shortest clock path from clock "Ck" to destination register is 2.490 ns
        Info: 1: + IC(0.000 ns) + CELL(0.854 ns) = 0.854 ns; Loc. = PIN_N20; Fanout = 1; CLK Node = 'Ck'
        Info: 2: + IC(0.343 ns) + CELL(0.000 ns) = 1.197 ns; Loc. = CLKCTRL_G3; Fanout = 3; COMB Node = 'Ck~clkctrl'
        Info: 3: + IC(0.675 ns) + CELL(0.618 ns) = 2.490 ns; Loc. = LCFF_X39_Y21_N19; Fanout = 2; REG Node = 'State.state_d'
        Info: Total cell delay = 1.472 ns ( 59.12 % )
        Info: Total interconnect delay = 1.018 ns ( 40.88 % )
Info: tco from clock "Ck" to destination pin "o_Y" through register "State.state_d" is 5.479 ns
    Info: + Longest clock path from clock "Ck" to source register is 2.490 ns
        Info: 1: + IC(0.000 ns) + CELL(0.854 ns) = 0.854 ns; Loc. = PIN_N20; Fanout = 1; CLK Node = 'Ck'
        Info: 2: + IC(0.343 ns) + CELL(0.000 ns) = 1.197 ns; Loc. = CLKCTRL_G3; Fanout = 3; COMB Node = 'Ck~clkctrl'
        Info: 3: + IC(0.675 ns) + CELL(0.618 ns) = 2.490 ns; Loc. = LCFF_X39_Y21_N19; Fanout = 2; REG Node = 'State.state_d'
        Info: Total cell delay = 1.472 ns ( 59.12 % )
        Info: Total interconnect delay = 1.018 ns ( 40.88 % )
    Info: + Micro clock to output delay of source is 0.094 ns
    Info: + Longest register to pin delay is 2.895 ns
        Info: 1: + IC(0.000 ns) + CELL(0.000 ns) = 0.000 ns; Loc. = LCFF_X39_Y21_N19; Fanout = 2; REG Node = 'State.state_d'
        Info: 2: + IC(0.366 ns) + CELL(0.053 ns) = 0.419 ns; Loc. = LCCOMB_X39_Y21_N8; Fanout = 1; COMB Node = 'o_Y~2'
        Info: 3: + IC(0.322 ns) + CELL(2.154 ns) = 2.895 ns; Loc. = PIN_G1; Fanout = 0; PIN Node = 'o_Y'
        Info: Total cell delay = 2.207 ns ( 76.23 % )
        Info: Total interconnect delay = 0.688 ns ( 23.77 % )
Info: Longest tpd from source pin "i_X" to destination pin "o_Y" is 7.123 ns
    Info: 1: + IC(0.000 ns) + CELL(0.800 ns) = 0.800 ns; Loc. = PIN_H6; Fanout = 4; PIN Node = 'i_X'
    Info: 2: + IC(3.501 ns) + CELL(0.346 ns) = 4.647 ns; Loc. = LCCOMB_X39_Y21_N8; Fanout = 1; COMB Node = 'o_Y~2'
    Info: 3: + IC(0.322 ns) + CELL(2.154 ns) = 7.123 ns; Loc. = PIN_G1; Fanout = 0; PIN Node = 'o_Y'
    Info: Total cell delay = 3.300 ns ( 46.33 % )
    Info: Total interconnect delay = 3.823 ns ( 53.67 % )
Info: th for register "State.state_a" (data pin = "i_X", clock pin = "Ck") is -2.163 ns
    Info: + Longest clock path from clock "Ck" to destination register is 2.490 ns
        Info: 1: + IC(0.000 ns) + CELL(0.854 ns) = 0.854 ns; Loc. = PIN_N20; Fanout = 1; CLK Node = 'Ck'
        Info: 2: + IC(0.343 ns) + CELL(0.000 ns) = 1.197 ns; Loc. = CLKCTRL_G3; Fanout = 3; COMB Node = 'Ck~clkctrl'
        Info: 3: + IC(0.675 ns) + CELL(0.618 ns) = 2.490 ns; Loc. = LCFF_X39_Y21_N11; Fanout = 1; REG Node = 'State.state_a'
        Info: Total cell delay = 1.472 ns ( 59.12 % )
        Info: Total interconnect delay = 1.018 ns ( 40.88 % )
    Info: + Micro hold delay of destination is 0.149 ns
    Info: - Shortest pin to register delay is 4.802 ns
        Info: 1: + IC(0.000 ns) + CELL(0.800 ns) = 0.800 ns; Loc. = PIN_H6; Fanout = 4; PIN Node = 'i_X'
        Info: 2: + IC(3.501 ns) + CELL(0.346 ns) = 4.647 ns; Loc. = LCCOMB_X39_Y21_N10; Fanout = 1; COMB Node = 'Selector0~3'
        Info: 3: + IC(0.000 ns) + CELL(0.155 ns) = 4.802 ns; Loc. = LCFF_X39_Y21_N11; Fanout = 1; REG Node = 'State.state_a'
        Info: Total cell delay = 1.301 ns ( 27.09 % )
        Info: Total interconnect delay = 3.501 ns ( 72.91 % )
Info: Quartus II Classic Timing Analyzer was successful. 0 errors, 1 warning
    Info: Allocated 170 megabytes of memory during processing
    Info: Processing ended: Wed Dec 22 08:23:46 2021
    Info: Elapsed time: 00:00:03


