Classic Timing Analyzer report for ADDER
Fri Nov 06 13:17:48 2020
Quartus II Version 7.2 Build 151 09/26/2007 SJ Full Version


---------------------
; Table of Contents ;
---------------------
  1. Legal Notice
  2. Timing Analyzer Summary
  3. Timing Analyzer Settings
  4. tpd
  5. Timing Analyzer Messages



----------------
; Legal Notice ;
----------------
Copyright (C) 1991-2007 Altera Corporation
Your use of Altera Corporation's design tools, logic functions 
and other software and tools, and its AMPP partner logic 
functions, and any output files from any of the foregoing 
(including device programming or simulation files), and any 
associated documentation or information are expressly subject 
to the terms and conditions of the Altera Program License 
Subscription Agreement, Altera MegaCore Function License 
Agreement, or other applicable license agreement, including, 
without limitation, that your use is for the sole purpose of 
programming logic devices manufactured by Altera and sold by 
Altera or its authorized distributors.  Please refer to the 
applicable agreement for further details.



+---------------------------------------------------------------------------------------------------------------------------+
; Timing Analyzer Summary                                                                                                   ;
+------------------------------+-------+---------------+-------------+------+--------+------------+----------+--------------+
; Type                         ; Slack ; Required Time ; Actual Time ; From ; To     ; From Clock ; To Clock ; Failed Paths ;
+------------------------------+-------+---------------+-------------+------+--------+------------+----------+--------------+
; Worst-case tpd               ; N/A   ; None          ; 7.569 ns    ; B[0] ; sum[0] ; --         ; --       ; 0            ;
; Total number of failed paths ;       ;               ;             ;      ;        ;            ;          ; 0            ;
+------------------------------+-------+---------------+-------------+------+--------+------------+----------+--------------+


+---------------------------------------------------------------------------------------------------------------+
; Timing Analyzer Settings                                                                                      ;
+----------------------------------------------------------------+--------------------+------+----+-------------+
; Option                                                         ; Setting            ; From ; To ; Entity Name ;
+----------------------------------------------------------------+--------------------+------+----+-------------+
; Device Name                                                    ; EP2S15F484C3       ;      ;    ;             ;
; Timing Models                                                  ; Final              ;      ;    ;             ;
; Default hold multicycle                                        ; Same as Multicycle ;      ;    ;             ;
; Cut paths between unrelated clock domains                      ; On                 ;      ;    ;             ;
; Cut off read during write signal paths                         ; On                 ;      ;    ;             ;
; Cut off feedback from I/O pins                                 ; On                 ;      ;    ;             ;
; Report Combined Fast/Slow Timing                               ; Off                ;      ;    ;             ;
; Ignore Clock Settings                                          ; Off                ;      ;    ;             ;
; Analyze latches as synchronous elements                        ; On                 ;      ;    ;             ;
; Enable Recovery/Removal analysis                               ; Off                ;      ;    ;             ;
; Enable Clock Latency                                           ; Off                ;      ;    ;             ;
; Use TimeQuest Timing Analyzer                                  ; Off                ;      ;    ;             ;
; Number of source nodes to report per destination node          ; 10                 ;      ;    ;             ;
; Number of destination nodes to report                          ; 10                 ;      ;    ;             ;
; Number of paths to report                                      ; 200                ;      ;    ;             ;
; Report Minimum Timing Checks                                   ; Off                ;      ;    ;             ;
; Use Fast Timing Models                                         ; Off                ;      ;    ;             ;
; Report IO Paths Separately                                     ; Off                ;      ;    ;             ;
; Perform Multicorner Analysis                                   ; On                 ;      ;    ;             ;
; Reports the worst-case path for each clock domain and analysis ; Off                ;      ;    ;             ;
+----------------------------------------------------------------+--------------------+------+----+-------------+


+-------------------------------------------------------------+
; tpd                                                         ;
+-------+-------------------+-----------------+------+--------+
; Slack ; Required P2P Time ; Actual P2P Time ; From ; To     ;
+-------+-------------------+-----------------+------+--------+
; N/A   ; None              ; 7.569 ns        ; B[0] ; sum[0] ;
; N/A   ; None              ; 7.544 ns        ; B[0] ; sum[1] ;
; N/A   ; None              ; 7.527 ns        ; B[0] ; carry  ;
; N/A   ; None              ; 7.453 ns        ; A[0] ; carry  ;
; N/A   ; None              ; 7.447 ns        ; A[0] ; sum[1] ;
; N/A   ; None              ; 7.413 ns        ; A[1] ; carry  ;
; N/A   ; None              ; 7.407 ns        ; A[1] ; sum[1] ;
; N/A   ; None              ; 7.116 ns        ; B[1] ; carry  ;
; N/A   ; None              ; 7.111 ns        ; B[1] ; sum[1] ;
; N/A   ; None              ; 7.061 ns        ; A[0] ; sum[0] ;
+-------+-------------------+-----------------+------+--------+


+--------------------------+
; Timing Analyzer Messages ;
+--------------------------+
Info: *******************************************************************
Info: Running Quartus II Classic Timing Analyzer
    Info: Version 7.2 Build 151 09/26/2007 SJ Full Version
    Info: Processing started: Fri Nov 06 13:17:48 2020
Info: Command: quartus_tan --read_settings_files=off --write_settings_files=off ADDER -c ADDER --timing_analysis_only
Info: Longest tpd from source pin "B[0]" to destination pin "sum[0]" is 7.569 ns
    Info: 1: + IC(0.000 ns) + CELL(0.809 ns) = 0.809 ns; Loc. = PIN_Y11; Fanout = 3; PIN Node = 'B[0]'
    Info: 2: + IC(4.015 ns) + CELL(0.272 ns) = 5.096 ns; Loc. = LCCOMB_X18_Y1_N16; Fanout = 1; COMB Node = 'Add0~126'
    Info: 3: + IC(0.475 ns) + CELL(1.998 ns) = 7.569 ns; Loc. = PIN_AA12; Fanout = 0; PIN Node = 'sum[0]'
    Info: Total cell delay = 3.079 ns ( 40.68 % )
    Info: Total interconnect delay = 4.490 ns ( 59.32 % )
Info: Quartus II Classic Timing Analyzer was successful. 0 errors, 0 warnings
    Info: Allocated 202 megabytes of memory during processing
    Info: Processing ended: Fri Nov 06 13:17:48 2020
    Info: Elapsed time: 00:00:00


