Classic Timing Analyzer report for AAA
Mon Apr 05 14:37:03 2021
Quartus II Version 7.2 Build 151 09/26/2007 SJ Full Version


---------------------
; Table of Contents ;
---------------------
  1. Legal Notice
  2. Timing Analyzer Summary
  3. Timing Analyzer Settings
  4. Clock Settings Summary
  5. Clock Setup: 'Ck'
  6. tsu
  7. tco
  8. th
  9. Timing Analyzer Messages



----------------
; Legal Notice ;
----------------
Copyright (C) 1991-2007 Altera Corporation
Your use of Altera Corporation's design tools, logic functions 
and other software and tools, and its AMPP partner logic 
functions, and any output files from any of the foregoing 
(including device programming or simulation files), and any 
associated documentation or information are expressly subject 
to the terms and conditions of the Altera Program License 
Subscription Agreement, Altera MegaCore Function License 
Agreement, or other applicable license agreement, including, 
without limitation, that your use is for the sole purpose of 
programming logic devices manufactured by Altera and sold by 
Altera or its authorized distributors.  Please refer to the 
applicable agreement for further details.



+------------------------------------------------------------------------------------------------------------------------------------------------------------------------------+
; Timing Analyzer Summary                                                                                                                                                      ;
+------------------------------+-------+---------------+------------------------------------------------+---------------+---------------+------------+----------+--------------+
; Type                         ; Slack ; Required Time ; Actual Time                                    ; From          ; To            ; From Clock ; To Clock ; Failed Paths ;
+------------------------------+-------+---------------+------------------------------------------------+---------------+---------------+------------+----------+--------------+
; Worst-case tsu               ; N/A   ; None          ; 2.406 ns                                       ; i_IN          ; State.state_c ; --         ; Ck       ; 0            ;
; Worst-case tco               ; N/A   ; None          ; 5.768 ns                                       ; State.state_b ; o_OUT         ; Ck         ; --       ; 0            ;
; Worst-case th                ; N/A   ; None          ; -2.163 ns                                      ; i_IN          ; State.state_d ; --         ; Ck       ; 0            ;
; Clock Setup: 'Ck'            ; N/A   ; None          ; Restricted to 500.00 MHz ( period = 2.000 ns ) ; State.state_d ; State.state_a ; Ck         ; Ck       ; 0            ;
; Total number of failed paths ;       ;               ;                                                ;               ;               ;            ;          ; 0            ;
+------------------------------+-------+---------------+------------------------------------------------+---------------+---------------+------------+----------+--------------+


+---------------------------------------------------------------------------------------------------------------+
; Timing Analyzer Settings                                                                                      ;
+----------------------------------------------------------------+--------------------+------+----+-------------+
; Option                                                         ; Setting            ; From ; To ; Entity Name ;
+----------------------------------------------------------------+--------------------+------+----+-------------+
; Device Name                                                    ; EP2S15F484C3       ;      ;    ;             ;
; Timing Models                                                  ; Final              ;      ;    ;             ;
; Default hold multicycle                                        ; Same as Multicycle ;      ;    ;             ;
; Cut paths between unrelated clock domains                      ; On                 ;      ;    ;             ;
; Cut off read during write signal paths                         ; On                 ;      ;    ;             ;
; Cut off feedback from I/O pins                                 ; On                 ;      ;    ;             ;
; Report Combined Fast/Slow Timing                               ; Off                ;      ;    ;             ;
; Ignore Clock Settings                                          ; Off                ;      ;    ;             ;
; Analyze latches as synchronous elements                        ; On                 ;      ;    ;             ;
; Enable Recovery/Removal analysis                               ; Off                ;      ;    ;             ;
; Enable Clock Latency                                           ; Off                ;      ;    ;             ;
; Use TimeQuest Timing Analyzer                                  ; Off                ;      ;    ;             ;
; Number of source nodes to report per destination node          ; 10                 ;      ;    ;             ;
; Number of destination nodes to report                          ; 10                 ;      ;    ;             ;
; Number of paths to report                                      ; 200                ;      ;    ;             ;
; Report Minimum Timing Checks                                   ; Off                ;      ;    ;             ;
; Use Fast Timing Models                                         ; Off                ;      ;    ;             ;
; Report IO Paths Separately                                     ; Off                ;      ;    ;             ;
; Perform Multicorner Analysis                                   ; On                 ;      ;    ;             ;
; Reports the worst-case path for each clock domain and analysis ; Off                ;      ;    ;             ;
+----------------------------------------------------------------+--------------------+------+----+-------------+


+------------------------------------------------------------------------------------------------------------------------------------------------------------------------------------+
; Clock Settings Summary                                                                                                                                                             ;
+-----------------+--------------------+----------+------------------+---------------+--------------+----------+-----------------------+---------------------+--------+--------------+
; Clock Node Name ; Clock Setting Name ; Type     ; Fmax Requirement ; Early Latency ; Late Latency ; Based on ; Multiply Base Fmax by ; Divide Base Fmax by ; Offset ; Phase offset ;
+-----------------+--------------------+----------+------------------+---------------+--------------+----------+-----------------------+---------------------+--------+--------------+
; Ck              ;                    ; User Pin ; None             ; 0.000 ns      ; 0.000 ns     ; --       ; N/A                   ; N/A                 ; N/A    ;              ;
+-----------------+--------------------+----------+------------------+---------------+--------------+----------+-----------------------+---------------------+--------+--------------+


+----------------------------------------------------------------------------------------------------------------------------------------------------------------------------------------------------+
; Clock Setup: 'Ck'                                                                                                                                                                                  ;
+-------+------------------------------------------------+---------------+---------------+------------+----------+-----------------------------+---------------------------+-------------------------+
; Slack ; Actual fmax (period)                           ; From          ; To            ; From Clock ; To Clock ; Required Setup Relationship ; Required Longest P2P Time ; Actual Longest P2P Time ;
+-------+------------------------------------------------+---------------+---------------+------------+----------+-----------------------------+---------------------------+-------------------------+
; N/A   ; Restricted to 500.00 MHz ( period = 2.000 ns ) ; State.state_d ; State.state_a ; Ck         ; Ck       ; None                        ; None                      ; 0.570 ns                ;
; N/A   ; Restricted to 500.00 MHz ( period = 2.000 ns ) ; State.state_c ; State.state_d ; Ck         ; Ck       ; None                        ; None                      ; 0.564 ns                ;
; N/A   ; Restricted to 500.00 MHz ( period = 2.000 ns ) ; State.state_a ; State.state_a ; Ck         ; Ck       ; None                        ; None                      ; 0.488 ns                ;
; N/A   ; Restricted to 500.00 MHz ( period = 2.000 ns ) ; State.state_c ; State.state_c ; Ck         ; Ck       ; None                        ; None                      ; 0.488 ns                ;
; N/A   ; Restricted to 500.00 MHz ( period = 2.000 ns ) ; State.state_b ; State.state_c ; Ck         ; Ck       ; None                        ; None                      ; 0.415 ns                ;
; N/A   ; Restricted to 500.00 MHz ( period = 2.000 ns ) ; State.state_a ; State.state_b ; Ck         ; Ck       ; None                        ; None                      ; 0.413 ns                ;
+-------+------------------------------------------------+---------------+---------------+------------+----------+-----------------------------+---------------------------+-------------------------+


+---------------------------------------------------------------------+
; tsu                                                                 ;
+-------+--------------+------------+------+---------------+----------+
; Slack ; Required tsu ; Actual tsu ; From ; To            ; To Clock ;
+-------+--------------+------------+------+---------------+----------+
; N/A   ; None         ; 2.406 ns   ; i_IN ; State.state_b ; Ck       ;
; N/A   ; None         ; 2.406 ns   ; i_IN ; State.state_c ; Ck       ;
; N/A   ; None         ; 2.402 ns   ; i_IN ; State.state_a ; Ck       ;
; N/A   ; None         ; 2.402 ns   ; i_IN ; State.state_d ; Ck       ;
+-------+--------------+------------+------+---------------+----------+


+------------------------------------------------------------------------+
; tco                                                                    ;
+-------+--------------+------------+---------------+-------+------------+
; Slack ; Required tco ; Actual tco ; From          ; To    ; From Clock ;
+-------+--------------+------------+---------------+-------+------------+
; N/A   ; None         ; 5.768 ns   ; State.state_b ; o_OUT ; Ck         ;
; N/A   ; None         ; 5.430 ns   ; State.state_d ; o_OUT ; Ck         ;
+-------+--------------+------------+---------------+-------+------------+


+---------------------------------------------------------------------------+
; th                                                                        ;
+---------------+-------------+-----------+------+---------------+----------+
; Minimum Slack ; Required th ; Actual th ; From ; To            ; To Clock ;
+---------------+-------------+-----------+------+---------------+----------+
; N/A           ; None        ; -2.163 ns ; i_IN ; State.state_a ; Ck       ;
; N/A           ; None        ; -2.163 ns ; i_IN ; State.state_d ; Ck       ;
; N/A           ; None        ; -2.167 ns ; i_IN ; State.state_b ; Ck       ;
; N/A           ; None        ; -2.167 ns ; i_IN ; State.state_c ; Ck       ;
+---------------+-------------+-----------+------+---------------+----------+


+--------------------------+
; Timing Analyzer Messages ;
+--------------------------+
Info: *******************************************************************
Info: Running Quartus II Classic Timing Analyzer
    Info: Version 7.2 Build 151 09/26/2007 SJ Full Version
    Info: Processing started: Mon Apr 05 14:37:03 2021
Info: Command: quartus_tan --read_settings_files=off --write_settings_files=off AAA -c AAA --timing_analysis_only
Warning: Found pins functioning as undefined clocks and/or memory enables
    Info: Assuming node "Ck" is an undefined clock
Info: Clock "Ck" Internal fmax is restricted to 500.0 MHz between source register "State.state_d" and destination register "State.state_a"
    Info: fmax restricted to clock pin edge rate 2.0 ns. Expand message to see actual delay path.
        Info: + Longest register to register delay is 0.570 ns
            Info: 1: + IC(0.000 ns) + CELL(0.000 ns) = 0.000 ns; Loc. = LCFF_X39_Y21_N3; Fanout = 2; REG Node = 'State.state_d'
            Info: 2: + IC(0.362 ns) + CELL(0.053 ns) = 0.415 ns; Loc. = LCCOMB_X39_Y21_N0; Fanout = 1; COMB Node = 'Selector0~9'
            Info: 3: + IC(0.000 ns) + CELL(0.155 ns) = 0.570 ns; Loc. = LCFF_X39_Y21_N1; Fanout = 2; REG Node = 'State.state_a'
            Info: Total cell delay = 0.208 ns ( 36.49 % )
            Info: Total interconnect delay = 0.362 ns ( 63.51 % )
        Info: - Smallest clock skew is 0.000 ns
            Info: + Shortest clock path from clock "Ck" to destination register is 2.490 ns
                Info: 1: + IC(0.000 ns) + CELL(0.854 ns) = 0.854 ns; Loc. = PIN_N20; Fanout = 1; CLK Node = 'Ck'
                Info: 2: + IC(0.343 ns) + CELL(0.000 ns) = 1.197 ns; Loc. = CLKCTRL_G3; Fanout = 4; COMB Node = 'Ck~clkctrl'
                Info: 3: + IC(0.675 ns) + CELL(0.618 ns) = 2.490 ns; Loc. = LCFF_X39_Y21_N1; Fanout = 2; REG Node = 'State.state_a'
                Info: Total cell delay = 1.472 ns ( 59.12 % )
                Info: Total interconnect delay = 1.018 ns ( 40.88 % )
            Info: - Longest clock path from clock "Ck" to source register is 2.490 ns
                Info: 1: + IC(0.000 ns) + CELL(0.854 ns) = 0.854 ns; Loc. = PIN_N20; Fanout = 1; CLK Node = 'Ck'
                Info: 2: + IC(0.343 ns) + CELL(0.000 ns) = 1.197 ns; Loc. = CLKCTRL_G3; Fanout = 4; COMB Node = 'Ck~clkctrl'
                Info: 3: + IC(0.675 ns) + CELL(0.618 ns) = 2.490 ns; Loc. = LCFF_X39_Y21_N3; Fanout = 2; REG Node = 'State.state_d'
                Info: Total cell delay = 1.472 ns ( 59.12 % )
                Info: Total interconnect delay = 1.018 ns ( 40.88 % )
        Info: + Micro clock to output delay of source is 0.094 ns
        Info: + Micro setup delay of destination is 0.090 ns
Info: tsu for register "State.state_b" (data pin = "i_IN", clock pin = "Ck") is 2.406 ns
    Info: + Longest pin to register delay is 4.806 ns
        Info: 1: + IC(0.000 ns) + CELL(0.800 ns) = 0.800 ns; Loc. = PIN_H6; Fanout = 4; PIN Node = 'i_IN'
        Info: 2: + IC(3.505 ns) + CELL(0.346 ns) = 4.651 ns; Loc. = LCCOMB_X39_Y21_N16; Fanout = 1; COMB Node = 'Next_State.state_b~8'
        Info: 3: + IC(0.000 ns) + CELL(0.155 ns) = 4.806 ns; Loc. = LCFF_X39_Y21_N17; Fanout = 2; REG Node = 'State.state_b'
        Info: Total cell delay = 1.301 ns ( 27.07 % )
        Info: Total interconnect delay = 3.505 ns ( 72.93 % )
    Info: + Micro setup delay of destination is 0.090 ns
    Info: - Shortest clock path from clock "Ck" to destination register is 2.490 ns
        Info: 1: + IC(0.000 ns) + CELL(0.854 ns) = 0.854 ns; Loc. = PIN_N20; Fanout = 1; CLK Node = 'Ck'
        Info: 2: + IC(0.343 ns) + CELL(0.000 ns) = 1.197 ns; Loc. = CLKCTRL_G3; Fanout = 4; COMB Node = 'Ck~clkctrl'
        Info: 3: + IC(0.675 ns) + CELL(0.618 ns) = 2.490 ns; Loc. = LCFF_X39_Y21_N17; Fanout = 2; REG Node = 'State.state_b'
        Info: Total cell delay = 1.472 ns ( 59.12 % )
        Info: Total interconnect delay = 1.018 ns ( 40.88 % )
Info: tco from clock "Ck" to destination pin "o_OUT" through register "State.state_b" is 5.768 ns
    Info: + Longest clock path from clock "Ck" to source register is 2.490 ns
        Info: 1: + IC(0.000 ns) + CELL(0.854 ns) = 0.854 ns; Loc. = PIN_N20; Fanout = 1; CLK Node = 'Ck'
        Info: 2: + IC(0.343 ns) + CELL(0.000 ns) = 1.197 ns; Loc. = CLKCTRL_G3; Fanout = 4; COMB Node = 'Ck~clkctrl'
        Info: 3: + IC(0.675 ns) + CELL(0.618 ns) = 2.490 ns; Loc. = LCFF_X39_Y21_N17; Fanout = 2; REG Node = 'State.state_b'
        Info: Total cell delay = 1.472 ns ( 59.12 % )
        Info: Total interconnect delay = 1.018 ns ( 40.88 % )
    Info: + Micro clock to output delay of source is 0.094 ns
    Info: + Longest register to pin delay is 3.184 ns
        Info: 1: + IC(0.000 ns) + CELL(0.000 ns) = 0.000 ns; Loc. = LCFF_X39_Y21_N17; Fanout = 2; REG Node = 'State.state_b'
        Info: 2: + IC(0.351 ns) + CELL(0.357 ns) = 0.708 ns; Loc. = LCCOMB_X39_Y21_N12; Fanout = 1; COMB Node = 'WideNor0'
        Info: 3: + IC(0.322 ns) + CELL(2.154 ns) = 3.184 ns; Loc. = PIN_G1; Fanout = 0; PIN Node = 'o_OUT'
        Info: Total cell delay = 2.511 ns ( 78.86 % )
        Info: Total interconnect delay = 0.673 ns ( 21.14 % )
Info: th for register "State.state_a" (data pin = "i_IN", clock pin = "Ck") is -2.163 ns
    Info: + Longest clock path from clock "Ck" to destination register is 2.490 ns
        Info: 1: + IC(0.000 ns) + CELL(0.854 ns) = 0.854 ns; Loc. = PIN_N20; Fanout = 1; CLK Node = 'Ck'
        Info: 2: + IC(0.343 ns) + CELL(0.000 ns) = 1.197 ns; Loc. = CLKCTRL_G3; Fanout = 4; COMB Node = 'Ck~clkctrl'
        Info: 3: + IC(0.675 ns) + CELL(0.618 ns) = 2.490 ns; Loc. = LCFF_X39_Y21_N1; Fanout = 2; REG Node = 'State.state_a'
        Info: Total cell delay = 1.472 ns ( 59.12 % )
        Info: Total interconnect delay = 1.018 ns ( 40.88 % )
    Info: + Micro hold delay of destination is 0.149 ns
    Info: - Shortest pin to register delay is 4.802 ns
        Info: 1: + IC(0.000 ns) + CELL(0.800 ns) = 0.800 ns; Loc. = PIN_H6; Fanout = 4; PIN Node = 'i_IN'
        Info: 2: + IC(3.501 ns) + CELL(0.346 ns) = 4.647 ns; Loc. = LCCOMB_X39_Y21_N0; Fanout = 1; COMB Node = 'Selector0~9'
        Info: 3: + IC(0.000 ns) + CELL(0.155 ns) = 4.802 ns; Loc. = LCFF_X39_Y21_N1; Fanout = 2; REG Node = 'State.state_a'
        Info: Total cell delay = 1.301 ns ( 27.09 % )
        Info: Total interconnect delay = 3.501 ns ( 72.91 % )
Info: Quartus II Classic Timing Analyzer was successful. 0 errors, 1 warning
    Info: Allocated 177 megabytes of memory during processing
    Info: Processing ended: Mon Apr 05 14:37:04 2021
    Info: Elapsed time: 00:00:01


