Classic Timing Analyzer report for aaa
Fri Nov 27 16:28:41 2020
Quartus II Version 7.2 Build 151 09/26/2007 SJ Full Version


---------------------
; Table of Contents ;
---------------------
  1. Legal Notice
  2. Timing Analyzer Summary
  3. Timing Analyzer Settings
  4. tpd
  5. Timing Analyzer Messages



----------------
; Legal Notice ;
----------------
Copyright (C) 1991-2007 Altera Corporation
Your use of Altera Corporation's design tools, logic functions 
and other software and tools, and its AMPP partner logic 
functions, and any output files from any of the foregoing 
(including device programming or simulation files), and any 
associated documentation or information are expressly subject 
to the terms and conditions of the Altera Program License 
Subscription Agreement, Altera MegaCore Function License 
Agreement, or other applicable license agreement, including, 
without limitation, that your use is for the sole purpose of 
programming logic devices manufactured by Altera and sold by 
Altera or its authorized distributors.  Please refer to the 
applicable agreement for further details.



+-----------------------------------------------------------------------------------------------------------------------+
; Timing Analyzer Summary                                                                                               ;
+------------------------------+-------+---------------+-------------+------+----+------------+----------+--------------+
; Type                         ; Slack ; Required Time ; Actual Time ; From ; To ; From Clock ; To Clock ; Failed Paths ;
+------------------------------+-------+---------------+-------------+------+----+------------+----------+--------------+
; Worst-case tpd               ; N/A   ; None          ; 8.974 ns    ; iK   ; oQ ; --         ; --       ; 0            ;
; Total number of failed paths ;       ;               ;             ;      ;    ;            ;          ; 0            ;
+------------------------------+-------+---------------+-------------+------+----+------------+----------+--------------+


+---------------------------------------------------------------------------------------------------------------+
; Timing Analyzer Settings                                                                                      ;
+----------------------------------------------------------------+--------------------+------+----+-------------+
; Option                                                         ; Setting            ; From ; To ; Entity Name ;
+----------------------------------------------------------------+--------------------+------+----+-------------+
; Device Name                                                    ; EP2S15F484C3       ;      ;    ;             ;
; Timing Models                                                  ; Final              ;      ;    ;             ;
; Default hold multicycle                                        ; Same as Multicycle ;      ;    ;             ;
; Cut paths between unrelated clock domains                      ; On                 ;      ;    ;             ;
; Cut off read during write signal paths                         ; On                 ;      ;    ;             ;
; Cut off feedback from I/O pins                                 ; On                 ;      ;    ;             ;
; Report Combined Fast/Slow Timing                               ; Off                ;      ;    ;             ;
; Ignore Clock Settings                                          ; Off                ;      ;    ;             ;
; Analyze latches as synchronous elements                        ; On                 ;      ;    ;             ;
; Enable Recovery/Removal analysis                               ; Off                ;      ;    ;             ;
; Enable Clock Latency                                           ; Off                ;      ;    ;             ;
; Use TimeQuest Timing Analyzer                                  ; Off                ;      ;    ;             ;
; Number of source nodes to report per destination node          ; 10                 ;      ;    ;             ;
; Number of destination nodes to report                          ; 10                 ;      ;    ;             ;
; Number of paths to report                                      ; 200                ;      ;    ;             ;
; Report Minimum Timing Checks                                   ; Off                ;      ;    ;             ;
; Use Fast Timing Models                                         ; Off                ;      ;    ;             ;
; Report IO Paths Separately                                     ; Off                ;      ;    ;             ;
; Perform Multicorner Analysis                                   ; On                 ;      ;    ;             ;
; Reports the worst-case path for each clock domain and analysis ; Off                ;      ;    ;             ;
+----------------------------------------------------------------+--------------------+------+----+-------------+


+--------------------------------------------------------------+
; tpd                                                          ;
+-------+-------------------+-----------------+----------+-----+
; Slack ; Required P2P Time ; Actual P2P Time ; From     ; To  ;
+-------+-------------------+-----------------+----------+-----+
; N/A   ; None              ; 8.974 ns        ; iK       ; oQ  ;
; N/A   ; None              ; 8.904 ns        ; inClear  ; oQ  ;
; N/A   ; None              ; 8.853 ns        ; inPreset ; oQ  ;
; N/A   ; None              ; 8.457 ns        ; iJ       ; oQ  ;
; N/A   ; None              ; 7.907 ns        ; inClear  ; onQ ;
; N/A   ; None              ; 7.856 ns        ; inPreset ; onQ ;
; N/A   ; None              ; 7.720 ns        ; iJ       ; onQ ;
; N/A   ; None              ; 7.543 ns        ; iK       ; onQ ;
+-------+-------------------+-----------------+----------+-----+


+--------------------------+
; Timing Analyzer Messages ;
+--------------------------+
Info: *******************************************************************
Info: Running Quartus II Classic Timing Analyzer
    Info: Version 7.2 Build 151 09/26/2007 SJ Full Version
    Info: Processing started: Fri Nov 27 16:28:41 2020
Info: Command: quartus_tan --read_settings_files=off --write_settings_files=off aaa -c aaa --timing_analysis_only
Warning: Found combinational loop of 2 nodes
    Warning: Node "NAND3_gate:C218|O~59"
    Warning: Node "NAND3_gate:C219|O~1"
Info: Longest tpd from source pin "iK" to destination pin "oQ" is 8.974 ns
    Info: 1: + IC(0.000 ns) + CELL(0.830 ns) = 0.830 ns; Loc. = PIN_C22; Fanout = 3; PIN Node = 'iK'
    Info: 2: + IC(0.000 ns) + CELL(4.469 ns) = 5.299 ns; Loc. = LCCOMB_X18_Y26_N18; Fanout = 2; COMB LOOP Node = 'NAND3_gate:C218|O~59'
        Info: Loc. = LCCOMB_X18_Y26_N16; Node "NAND3_gate:C219|O~1"
        Info: Loc. = LCCOMB_X18_Y26_N18; Node "NAND3_gate:C218|O~59"
    Info: 3: + IC(1.521 ns) + CELL(2.154 ns) = 8.974 ns; Loc. = PIN_C1; Fanout = 0; PIN Node = 'oQ'
    Info: Total cell delay = 7.453 ns ( 83.05 % )
    Info: Total interconnect delay = 1.521 ns ( 16.95 % )
Info: Quartus II Classic Timing Analyzer was successful. 0 errors, 3 warnings
    Info: Allocated 202 megabytes of memory during processing
    Info: Processing ended: Fri Nov 27 16:28:41 2020
    Info: Elapsed time: 00:00:00


