Flow report for D_latch
Fri Nov 06 12:59:36 2020
Quartus II Version 7.2 Build 151 09/26/2007 SJ Full Version


---------------------
; Table of Contents ;
---------------------
  1. Legal Notice
  2. Flow Summary
  3. Flow Settings
  4. Flow Non-Default Global Settings
  5. Flow Elapsed Time
  6. Flow Log



----------------
; Legal Notice ;
----------------
Copyright (C) 1991-2007 Altera Corporation
Your use of Altera Corporation's design tools, logic functions 
and other software and tools, and its AMPP partner logic 
functions, and any output files from any of the foregoing 
(including device programming or simulation files), and any 
associated documentation or information are expressly subject 
to the terms and conditions of the Altera Program License 
Subscription Agreement, Altera MegaCore Function License 
Agreement, or other applicable license agreement, including, 
without limitation, that your use is for the sole purpose of 
programming logic devices manufactured by Altera and sold by 
Altera or its authorized distributors.  Please refer to the 
applicable agreement for further details.



+---------------------------------------------------------------------+
; Flow Summary                                                        ;
+--------------------------+------------------------------------------+
; Flow Status              ; Successful - Fri Nov 06 12:59:36 2020    ;
; Quartus II Version       ; 7.2 Build 151 09/26/2007 SJ Full Version ;
; Revision Name            ; D_latch                                  ;
; Top-level Entity Name    ; D_latch                                  ;
; Family                   ; MAX II                                   ;
; Met timing requirements  ; Yes                                      ;
; Total logic elements     ; 1 / 240 ( < 1 % )                        ;
; Total pins               ; 3 / 80 ( 4 % )                           ;
; Total virtual pins       ; 0                                        ;
; Total memory bits        ; 0                                        ;
; DSP block 9-bit elements ; 0                                        ;
; Total PLLs               ; 0                                        ;
; Total DLLs               ; 0                                        ;
; Device                   ; EPM240T100C3                             ;
; Timing Models            ; Final                                    ;
; UFM blocks               ; 0 / 1 ( 0 % )                            ;
+--------------------------+------------------------------------------+


+-----------------------------------------+
; Flow Settings                           ;
+-------------------+---------------------+
; Option            ; Setting             ;
+-------------------+---------------------+
; Start date & time ; 11/06/2020 12:59:30 ;
; Main task         ; Compilation         ;
; Revision Name     ; D_latch             ;
+-------------------+---------------------+


+---------------------------------------------------------------------------------------+
; Flow Non-Default Global Settings                                                      ;
+------------------------------------+-------+---------------+-------------+------------+
; Assignment Name                    ; Value ; Default Value ; Entity Name ; Section Id ;
+------------------------------------+-------+---------------+-------------+------------+
; USE_GENERATED_PHYSICAL_CONSTRAINTS ; Off   ; --            ; --          ; eda_palace ;
+------------------------------------+-------+---------------+-------------+------------+


+------------------------------------------------------------------+
; Flow Elapsed Time                                                ;
+-------------------------+--------------+-------------------------+
; Module Name             ; Elapsed Time ; Average Processors Used ;
+-------------------------+--------------+-------------------------+
; Analysis & Synthesis    ; 00:00:01     ; 1.0                     ;
; Fitter                  ; 00:00:00     ; 1.0                     ;
; Assembler               ; 00:00:01     ; 1.0                     ;
; Classic Timing Analyzer ; 00:00:00     ; 1.0                     ;
; Total                   ; 00:00:02     ; --                      ;
+-------------------------+--------------+-------------------------+


------------
; Flow Log ;
------------
quartus_map --read_settings_files=on --write_settings_files=off D_latch -c D_latch
quartus_fit --read_settings_files=off --write_settings_files=off D_latch -c D_latch
quartus_asm --read_settings_files=off --write_settings_files=off D_latch -c D_latch
quartus_tan --read_settings_files=off --write_settings_files=off D_latch -c D_latch



