Classic Timing Analyzer report for aaa
Fri Nov 27 16:21:48 2020
Quartus II Version 7.2 Build 151 09/26/2007 SJ Full Version


---------------------
; Table of Contents ;
---------------------
  1. Legal Notice
  2. Timing Analyzer Summary
  3. Timing Analyzer Settings
  4. tpd
  5. Timing Analyzer Messages



----------------
; Legal Notice ;
----------------
Copyright (C) 1991-2007 Altera Corporation
Your use of Altera Corporation's design tools, logic functions 
and other software and tools, and its AMPP partner logic 
functions, and any output files from any of the foregoing 
(including device programming or simulation files), and any 
associated documentation or information are expressly subject 
to the terms and conditions of the Altera Program License 
Subscription Agreement, Altera MegaCore Function License 
Agreement, or other applicable license agreement, including, 
without limitation, that your use is for the sole purpose of 
programming logic devices manufactured by Altera and sold by 
Altera or its authorized distributors.  Please refer to the 
applicable agreement for further details.



+---------------------------------------------------------------------------------------------------------------------------+
; Timing Analyzer Summary                                                                                                   ;
+------------------------------+-------+---------------+-------------+---------+-----+------------+----------+--------------+
; Type                         ; Slack ; Required Time ; Actual Time ; From    ; To  ; From Clock ; To Clock ; Failed Paths ;
+------------------------------+-------+---------------+-------------+---------+-----+------------+----------+--------------+
; Worst-case tpd               ; N/A   ; None          ; 7.474 ns    ; inReset ; oQB ; --         ; --       ; 0            ;
; Total number of failed paths ;       ;               ;             ;         ;     ;            ;          ; 0            ;
+------------------------------+-------+---------------+-------------+---------+-----+------------+----------+--------------+


+---------------------------------------------------------------------------------------------------------------+
; Timing Analyzer Settings                                                                                      ;
+----------------------------------------------------------------+--------------------+------+----+-------------+
; Option                                                         ; Setting            ; From ; To ; Entity Name ;
+----------------------------------------------------------------+--------------------+------+----+-------------+
; Device Name                                                    ; EP2S15F484C3       ;      ;    ;             ;
; Timing Models                                                  ; Final              ;      ;    ;             ;
; Default hold multicycle                                        ; Same as Multicycle ;      ;    ;             ;
; Cut paths between unrelated clock domains                      ; On                 ;      ;    ;             ;
; Cut off read during write signal paths                         ; On                 ;      ;    ;             ;
; Cut off feedback from I/O pins                                 ; On                 ;      ;    ;             ;
; Report Combined Fast/Slow Timing                               ; Off                ;      ;    ;             ;
; Ignore Clock Settings                                          ; Off                ;      ;    ;             ;
; Analyze latches as synchronous elements                        ; On                 ;      ;    ;             ;
; Enable Recovery/Removal analysis                               ; Off                ;      ;    ;             ;
; Enable Clock Latency                                           ; Off                ;      ;    ;             ;
; Use TimeQuest Timing Analyzer                                  ; Off                ;      ;    ;             ;
; Number of source nodes to report per destination node          ; 10                 ;      ;    ;             ;
; Number of destination nodes to report                          ; 10                 ;      ;    ;             ;
; Number of paths to report                                      ; 200                ;      ;    ;             ;
; Report Minimum Timing Checks                                   ; Off                ;      ;    ;             ;
; Use Fast Timing Models                                         ; Off                ;      ;    ;             ;
; Report IO Paths Separately                                     ; Off                ;      ;    ;             ;
; Perform Multicorner Analysis                                   ; On                 ;      ;    ;             ;
; Reports the worst-case path for each clock domain and analysis ; Off                ;      ;    ;             ;
+----------------------------------------------------------------+--------------------+------+----+-------------+


+-------------------------------------------------------------+
; tpd                                                         ;
+-------+-------------------+-----------------+---------+-----+
; Slack ; Required P2P Time ; Actual P2P Time ; From    ; To  ;
+-------+-------------------+-----------------+---------+-----+
; N/A   ; None              ; 7.474 ns        ; inReset ; oQB ;
+-------+-------------------+-----------------+---------+-----+


+--------------------------+
; Timing Analyzer Messages ;
+--------------------------+
Info: *******************************************************************
Info: Running Quartus II Classic Timing Analyzer
    Info: Version 7.2 Build 151 09/26/2007 SJ Full Version
    Info: Processing started: Fri Nov 27 16:21:48 2020
Info: Command: quartus_tan --read_settings_files=off --write_settings_files=off aaa -c aaa --timing_analysis_only
Warning: Timing Analysis is analyzing one or more combinational loops as latches
    Warning: Node "NAND2_gate:C026|O~0" is a latch
Info: Longest tpd from source pin "inReset" to destination pin "oQB" is 7.474 ns
    Info: 1: + IC(0.000 ns) + CELL(0.830 ns) = 0.830 ns; Loc. = PIN_C2; Fanout = 2; PIN Node = 'inReset'
    Info: 2: + IC(3.841 ns) + CELL(0.346 ns) = 5.017 ns; Loc. = LCCOMB_X33_Y26_N2; Fanout = 1; COMB Node = 'NAND2_gate:C027|O~0'
    Info: 3: + IC(0.525 ns) + CELL(1.932 ns) = 7.474 ns; Loc. = PIN_H9; Fanout = 0; PIN Node = 'oQB'
    Info: Total cell delay = 3.108 ns ( 41.58 % )
    Info: Total interconnect delay = 4.366 ns ( 58.42 % )
Info: Quartus II Classic Timing Analyzer was successful. 0 errors, 2 warnings
    Info: Allocated 202 megabytes of memory during processing
    Info: Processing ended: Fri Nov 27 16:21:48 2020
    Info: Elapsed time: 00:00:00


