Classic Timing Analyzer report for Mux
Fri Nov 06 13:13:58 2020
Quartus II Version 7.2 Build 151 09/26/2007 SJ Full Version


---------------------
; Table of Contents ;
---------------------
  1. Legal Notice
  2. Timing Analyzer Summary
  3. Timing Analyzer Settings
  4. tpd
  5. Timing Analyzer Messages



----------------
; Legal Notice ;
----------------
Copyright (C) 1991-2007 Altera Corporation
Your use of Altera Corporation's design tools, logic functions 
and other software and tools, and its AMPP partner logic 
functions, and any output files from any of the foregoing 
(including device programming or simulation files), and any 
associated documentation or information are expressly subject 
to the terms and conditions of the Altera Program License 
Subscription Agreement, Altera MegaCore Function License 
Agreement, or other applicable license agreement, including, 
without limitation, that your use is for the sole purpose of 
programming logic devices manufactured by Altera and sold by 
Altera or its authorized distributors.  Please refer to the 
applicable agreement for further details.



+--------------------------------------------------------------------------------------------------------------------------+
; Timing Analyzer Summary                                                                                                  ;
+------------------------------+-------+---------------+-------------+-------+------+------------+----------+--------------+
; Type                         ; Slack ; Required Time ; Actual Time ; From  ; To   ; From Clock ; To Clock ; Failed Paths ;
+------------------------------+-------+---------------+-------------+-------+------+------------+----------+--------------+
; Worst-case tpd               ; N/A   ; None          ; 8.213 ns    ; I0[0] ; O[0] ; --         ; --       ; 0            ;
; Total number of failed paths ;       ;               ;             ;       ;      ;            ;          ; 0            ;
+------------------------------+-------+---------------+-------------+-------+------+------------+----------+--------------+


+---------------------------------------------------------------------------------------------------------------+
; Timing Analyzer Settings                                                                                      ;
+----------------------------------------------------------------+--------------------+------+----+-------------+
; Option                                                         ; Setting            ; From ; To ; Entity Name ;
+----------------------------------------------------------------+--------------------+------+----+-------------+
; Device Name                                                    ; EP2S15F484C3       ;      ;    ;             ;
; Timing Models                                                  ; Final              ;      ;    ;             ;
; Default hold multicycle                                        ; Same as Multicycle ;      ;    ;             ;
; Cut paths between unrelated clock domains                      ; On                 ;      ;    ;             ;
; Cut off read during write signal paths                         ; On                 ;      ;    ;             ;
; Cut off feedback from I/O pins                                 ; On                 ;      ;    ;             ;
; Report Combined Fast/Slow Timing                               ; Off                ;      ;    ;             ;
; Ignore Clock Settings                                          ; Off                ;      ;    ;             ;
; Analyze latches as synchronous elements                        ; On                 ;      ;    ;             ;
; Enable Recovery/Removal analysis                               ; Off                ;      ;    ;             ;
; Enable Clock Latency                                           ; Off                ;      ;    ;             ;
; Use TimeQuest Timing Analyzer                                  ; Off                ;      ;    ;             ;
; Number of source nodes to report per destination node          ; 10                 ;      ;    ;             ;
; Number of destination nodes to report                          ; 10                 ;      ;    ;             ;
; Number of paths to report                                      ; 200                ;      ;    ;             ;
; Report Minimum Timing Checks                                   ; Off                ;      ;    ;             ;
; Use Fast Timing Models                                         ; Off                ;      ;    ;             ;
; Report IO Paths Separately                                     ; Off                ;      ;    ;             ;
; Perform Multicorner Analysis                                   ; On                 ;      ;    ;             ;
; Reports the worst-case path for each clock domain and analysis ; Off                ;      ;    ;             ;
+----------------------------------------------------------------+--------------------+------+----+-------------+


+------------------------------------------------------------+
; tpd                                                        ;
+-------+-------------------+-----------------+-------+------+
; Slack ; Required P2P Time ; Actual P2P Time ; From  ; To   ;
+-------+-------------------+-----------------+-------+------+
; N/A   ; None              ; 8.213 ns        ; I0[0] ; O[0] ;
; N/A   ; None              ; 7.877 ns        ; I2[2] ; O[2] ;
; N/A   ; None              ; 7.798 ns        ; I3[2] ; O[2] ;
; N/A   ; None              ; 7.777 ns        ; I0[2] ; O[2] ;
; N/A   ; None              ; 7.752 ns        ; I1[0] ; O[0] ;
; N/A   ; None              ; 7.697 ns        ; I1[2] ; O[2] ;
; N/A   ; None              ; 7.684 ns        ; I3[0] ; O[0] ;
; N/A   ; None              ; 7.671 ns        ; S[0]  ; O[0] ;
; N/A   ; None              ; 7.589 ns        ; I2[0] ; O[0] ;
; N/A   ; None              ; 7.588 ns        ; I0[1] ; O[1] ;
; N/A   ; None              ; 7.537 ns        ; I1[1] ; O[1] ;
; N/A   ; None              ; 7.507 ns        ; I2[1] ; O[1] ;
; N/A   ; None              ; 7.449 ns        ; S[1]  ; O[2] ;
; N/A   ; None              ; 7.441 ns        ; I3[1] ; O[1] ;
; N/A   ; None              ; 7.439 ns        ; S[0]  ; O[2] ;
; N/A   ; None              ; 7.437 ns        ; S[1]  ; O[0] ;
; N/A   ; None              ; 7.275 ns        ; S[1]  ; O[1] ;
; N/A   ; None              ; 7.265 ns        ; S[0]  ; O[1] ;
+-------+-------------------+-----------------+-------+------+


+--------------------------+
; Timing Analyzer Messages ;
+--------------------------+
Info: *******************************************************************
Info: Running Quartus II Classic Timing Analyzer
    Info: Version 7.2 Build 151 09/26/2007 SJ Full Version
    Info: Processing started: Fri Nov 06 13:13:58 2020
Info: Command: quartus_tan --read_settings_files=off --write_settings_files=off Mux -c Mux --timing_analysis_only
Info: Longest tpd from source pin "I0[0]" to destination pin "O[0]" is 8.213 ns
    Info: 1: + IC(0.000 ns) + CELL(0.837 ns) = 0.837 ns; Loc. = PIN_C14; Fanout = 1; PIN Node = 'I0[0]'
    Info: 2: + IC(4.543 ns) + CELL(0.154 ns) = 5.534 ns; Loc. = LCCOMB_X10_Y2_N4; Fanout = 1; COMB Node = 'O[0]~34'
    Info: 3: + IC(0.747 ns) + CELL(1.932 ns) = 8.213 ns; Loc. = PIN_T13; Fanout = 0; PIN Node = 'O[0]'
    Info: Total cell delay = 2.923 ns ( 35.59 % )
    Info: Total interconnect delay = 5.290 ns ( 64.41 % )
Info: Quartus II Classic Timing Analyzer was successful. 0 errors, 0 warnings
    Info: Allocated 202 megabytes of memory during processing
    Info: Processing ended: Fri Nov 06 13:13:58 2020
    Info: Elapsed time: 00:00:00


