Classic Timing Analyzer report for seq_design
Mon Nov 09 07:37:38 2020
Quartus II Version 7.2 Build 151 09/26/2007 SJ Full Version


---------------------
; Table of Contents ;
---------------------
  1. Legal Notice
  2. Timing Analyzer Summary
  3. Timing Analyzer Settings
  4. Clock Settings Summary
  5. Clock Setup: 'clock'
  6. tsu
  7. tco
  8. th
  9. Timing Analyzer Messages



----------------
; Legal Notice ;
----------------
Copyright (C) 1991-2007 Altera Corporation
Your use of Altera Corporation's design tools, logic functions 
and other software and tools, and its AMPP partner logic 
functions, and any output files from any of the foregoing 
(including device programming or simulation files), and any 
associated documentation or information are expressly subject 
to the terms and conditions of the Altera Program License 
Subscription Agreement, Altera MegaCore Function License 
Agreement, or other applicable license agreement, including, 
without limitation, that your use is for the sole purpose of 
programming logic devices manufactured by Altera and sold by 
Altera or its authorized distributors.  Please refer to the 
applicable agreement for further details.



+------------------------------------------------------------------------------------------------------------------------------------------------------------------------------------+
; Timing Analyzer Summary                                                                                                                                                            ;
+------------------------------+-------+---------------+------------------------------------------------+------------------+------------------+------------+----------+--------------+
; Type                         ; Slack ; Required Time ; Actual Time                                    ; From             ; To               ; From Clock ; To Clock ; Failed Paths ;
+------------------------------+-------+---------------+------------------------------------------------+------------------+------------------+------------+----------+--------------+
; Worst-case tsu               ; N/A   ; None          ; 2.596 ns                                       ; a                ; current_state.s0 ; --         ; clock    ; 0            ;
; Worst-case tco               ; N/A   ; None          ; 5.071 ns                                       ; current_state.s3 ; x                ; clock      ; --       ; 0            ;
; Worst-case th                ; N/A   ; None          ; -2.357 ns                                      ; a                ; current_state.s0 ; --         ; clock    ; 0            ;
; Clock Setup: 'clock'         ; N/A   ; None          ; Restricted to 500.00 MHz ( period = 2.000 ns ) ; current_state.s3 ; current_state.s0 ; clock      ; clock    ; 0            ;
; Total number of failed paths ;       ;               ;                                                ;                  ;                  ;            ;          ; 0            ;
+------------------------------+-------+---------------+------------------------------------------------+------------------+------------------+------------+----------+--------------+


+---------------------------------------------------------------------------------------------------------------+
; Timing Analyzer Settings                                                                                      ;
+----------------------------------------------------------------+--------------------+------+----+-------------+
; Option                                                         ; Setting            ; From ; To ; Entity Name ;
+----------------------------------------------------------------+--------------------+------+----+-------------+
; Device Name                                                    ; EP2S15F484C3       ;      ;    ;             ;
; Timing Models                                                  ; Final              ;      ;    ;             ;
; Default hold multicycle                                        ; Same as Multicycle ;      ;    ;             ;
; Cut paths between unrelated clock domains                      ; On                 ;      ;    ;             ;
; Cut off read during write signal paths                         ; On                 ;      ;    ;             ;
; Cut off feedback from I/O pins                                 ; On                 ;      ;    ;             ;
; Report Combined Fast/Slow Timing                               ; Off                ;      ;    ;             ;
; Ignore Clock Settings                                          ; Off                ;      ;    ;             ;
; Analyze latches as synchronous elements                        ; On                 ;      ;    ;             ;
; Enable Recovery/Removal analysis                               ; Off                ;      ;    ;             ;
; Enable Clock Latency                                           ; Off                ;      ;    ;             ;
; Use TimeQuest Timing Analyzer                                  ; Off                ;      ;    ;             ;
; Number of source nodes to report per destination node          ; 10                 ;      ;    ;             ;
; Number of destination nodes to report                          ; 10                 ;      ;    ;             ;
; Number of paths to report                                      ; 200                ;      ;    ;             ;
; Report Minimum Timing Checks                                   ; Off                ;      ;    ;             ;
; Use Fast Timing Models                                         ; Off                ;      ;    ;             ;
; Report IO Paths Separately                                     ; Off                ;      ;    ;             ;
; Perform Multicorner Analysis                                   ; On                 ;      ;    ;             ;
; Reports the worst-case path for each clock domain and analysis ; Off                ;      ;    ;             ;
+----------------------------------------------------------------+--------------------+------+----+-------------+


+------------------------------------------------------------------------------------------------------------------------------------------------------------------------------------+
; Clock Settings Summary                                                                                                                                                             ;
+-----------------+--------------------+----------+------------------+---------------+--------------+----------+-----------------------+---------------------+--------+--------------+
; Clock Node Name ; Clock Setting Name ; Type     ; Fmax Requirement ; Early Latency ; Late Latency ; Based on ; Multiply Base Fmax by ; Divide Base Fmax by ; Offset ; Phase offset ;
+-----------------+--------------------+----------+------------------+---------------+--------------+----------+-----------------------+---------------------+--------+--------------+
; clock           ;                    ; User Pin ; None             ; 0.000 ns      ; 0.000 ns     ; --       ; N/A                   ; N/A                 ; N/A    ;              ;
+-----------------+--------------------+----------+------------------+---------------+--------------+----------+-----------------------+---------------------+--------+--------------+


+----------------------------------------------------------------------------------------------------------------------------------------------------------------------------------------------------------+
; Clock Setup: 'clock'                                                                                                                                                                                     ;
+-------+------------------------------------------------+------------------+------------------+------------+----------+-----------------------------+---------------------------+-------------------------+
; Slack ; Actual fmax (period)                           ; From             ; To               ; From Clock ; To Clock ; Required Setup Relationship ; Required Longest P2P Time ; Actual Longest P2P Time ;
+-------+------------------------------------------------+------------------+------------------+------------+----------+-----------------------------+---------------------------+-------------------------+
; N/A   ; Restricted to 500.00 MHz ( period = 2.000 ns ) ; current_state.s3 ; current_state.s0 ; clock      ; clock    ; None                        ; None                      ; 0.573 ns                ;
; N/A   ; Restricted to 500.00 MHz ( period = 2.000 ns ) ; current_state.s0 ; current_state.s1 ; clock      ; clock    ; None                        ; None                      ; 0.560 ns                ;
; N/A   ; Restricted to 500.00 MHz ( period = 2.000 ns ) ; current_state.s1 ; current_state.s2 ; clock      ; clock    ; None                        ; None                      ; 0.413 ns                ;
; N/A   ; Restricted to 500.00 MHz ( period = 2.000 ns ) ; current_state.s2 ; current_state.s3 ; clock      ; clock    ; None                        ; None                      ; 0.404 ns                ;
+-------+------------------------------------------------+------------------+------------------+------------+----------+-----------------------------+---------------------------+-------------------------+


+------------------------------------------------------------------------+
; tsu                                                                    ;
+-------+--------------+------------+------+------------------+----------+
; Slack ; Required tsu ; Actual tsu ; From ; To               ; To Clock ;
+-------+--------------+------------+------+------------------+----------+
; N/A   ; None         ; 2.596 ns   ; a    ; current_state.s3 ; clock    ;
; N/A   ; None         ; 2.596 ns   ; a    ; current_state.s2 ; clock    ;
; N/A   ; None         ; 2.596 ns   ; a    ; current_state.s1 ; clock    ;
; N/A   ; None         ; 2.596 ns   ; a    ; current_state.s0 ; clock    ;
+-------+--------------+------------+------+------------------+----------+


+------------------------------------------------------------------------+
; tco                                                                    ;
+-------+--------------+------------+------------------+----+------------+
; Slack ; Required tco ; Actual tco ; From             ; To ; From Clock ;
+-------+--------------+------------+------------------+----+------------+
; N/A   ; None         ; 5.071 ns   ; current_state.s3 ; x  ; clock      ;
+-------+--------------+------------+------------------+----+------------+


+------------------------------------------------------------------------------+
; th                                                                           ;
+---------------+-------------+-----------+------+------------------+----------+
; Minimum Slack ; Required th ; Actual th ; From ; To               ; To Clock ;
+---------------+-------------+-----------+------+------------------+----------+
; N/A           ; None        ; -2.357 ns ; a    ; current_state.s3 ; clock    ;
; N/A           ; None        ; -2.357 ns ; a    ; current_state.s2 ; clock    ;
; N/A           ; None        ; -2.357 ns ; a    ; current_state.s1 ; clock    ;
; N/A           ; None        ; -2.357 ns ; a    ; current_state.s0 ; clock    ;
+---------------+-------------+-----------+------+------------------+----------+


+--------------------------+
; Timing Analyzer Messages ;
+--------------------------+
Info: *******************************************************************
Info: Running Quartus II Classic Timing Analyzer
    Info: Version 7.2 Build 151 09/26/2007 SJ Full Version
    Info: Processing started: Mon Nov 09 07:37:38 2020
Info: Command: quartus_tan --read_settings_files=off --write_settings_files=off seq_design -c seq_design --timing_analysis_only
Warning: Found pins functioning as undefined clocks and/or memory enables
    Info: Assuming node "clock" is an undefined clock
Info: Clock "clock" Internal fmax is restricted to 500.0 MHz between source register "current_state.s3" and destination register "current_state.s0"
    Info: fmax restricted to clock pin edge rate 2.0 ns. Expand message to see actual delay path.
        Info: + Longest register to register delay is 0.573 ns
            Info: 1: + IC(0.000 ns) + CELL(0.000 ns) = 0.000 ns; Loc. = LCFF_X39_Y21_N3; Fanout = 2; REG Node = 'current_state.s3'
            Info: 2: + IC(0.365 ns) + CELL(0.053 ns) = 0.418 ns; Loc. = LCCOMB_X39_Y21_N18; Fanout = 1; COMB Node = 'current_state.s0~88'
            Info: 3: + IC(0.000 ns) + CELL(0.155 ns) = 0.573 ns; Loc. = LCFF_X39_Y21_N19; Fanout = 1; REG Node = 'current_state.s0'
            Info: Total cell delay = 0.208 ns ( 36.30 % )
            Info: Total interconnect delay = 0.365 ns ( 63.70 % )
        Info: - Smallest clock skew is 0.000 ns
            Info: + Shortest clock path from clock "clock" to destination register is 2.490 ns
                Info: 1: + IC(0.000 ns) + CELL(0.854 ns) = 0.854 ns; Loc. = PIN_N20; Fanout = 1; CLK Node = 'clock'
                Info: 2: + IC(0.343 ns) + CELL(0.000 ns) = 1.197 ns; Loc. = CLKCTRL_G3; Fanout = 4; COMB Node = 'clock~clkctrl'
                Info: 3: + IC(0.675 ns) + CELL(0.618 ns) = 2.490 ns; Loc. = LCFF_X39_Y21_N19; Fanout = 1; REG Node = 'current_state.s0'
                Info: Total cell delay = 1.472 ns ( 59.12 % )
                Info: Total interconnect delay = 1.018 ns ( 40.88 % )
            Info: - Longest clock path from clock "clock" to source register is 2.490 ns
                Info: 1: + IC(0.000 ns) + CELL(0.854 ns) = 0.854 ns; Loc. = PIN_N20; Fanout = 1; CLK Node = 'clock'
                Info: 2: + IC(0.343 ns) + CELL(0.000 ns) = 1.197 ns; Loc. = CLKCTRL_G3; Fanout = 4; COMB Node = 'clock~clkctrl'
                Info: 3: + IC(0.675 ns) + CELL(0.618 ns) = 2.490 ns; Loc. = LCFF_X39_Y21_N3; Fanout = 2; REG Node = 'current_state.s3'
                Info: Total cell delay = 1.472 ns ( 59.12 % )
                Info: Total interconnect delay = 1.018 ns ( 40.88 % )
        Info: + Micro clock to output delay of source is 0.094 ns
        Info: + Micro setup delay of destination is 0.090 ns
Info: tsu for register "current_state.s3" (data pin = "a", clock pin = "clock") is 2.596 ns
    Info: + Longest pin to register delay is 4.996 ns
        Info: 1: + IC(0.000 ns) + CELL(0.800 ns) = 0.800 ns; Loc. = PIN_H6; Fanout = 4; PIN Node = 'a'
        Info: 2: + IC(3.450 ns) + CELL(0.746 ns) = 4.996 ns; Loc. = LCFF_X39_Y21_N3; Fanout = 2; REG Node = 'current_state.s3'
        Info: Total cell delay = 1.546 ns ( 30.94 % )
        Info: Total interconnect delay = 3.450 ns ( 69.06 % )
    Info: + Micro setup delay of destination is 0.090 ns
    Info: - Shortest clock path from clock "clock" to destination register is 2.490 ns
        Info: 1: + IC(0.000 ns) + CELL(0.854 ns) = 0.854 ns; Loc. = PIN_N20; Fanout = 1; CLK Node = 'clock'
        Info: 2: + IC(0.343 ns) + CELL(0.000 ns) = 1.197 ns; Loc. = CLKCTRL_G3; Fanout = 4; COMB Node = 'clock~clkctrl'
        Info: 3: + IC(0.675 ns) + CELL(0.618 ns) = 2.490 ns; Loc. = LCFF_X39_Y21_N3; Fanout = 2; REG Node = 'current_state.s3'
        Info: Total cell delay = 1.472 ns ( 59.12 % )
        Info: Total interconnect delay = 1.018 ns ( 40.88 % )
Info: tco from clock "clock" to destination pin "x" through register "current_state.s3" is 5.071 ns
    Info: + Longest clock path from clock "clock" to source register is 2.490 ns
        Info: 1: + IC(0.000 ns) + CELL(0.854 ns) = 0.854 ns; Loc. = PIN_N20; Fanout = 1; CLK Node = 'clock'
        Info: 2: + IC(0.343 ns) + CELL(0.000 ns) = 1.197 ns; Loc. = CLKCTRL_G3; Fanout = 4; COMB Node = 'clock~clkctrl'
        Info: 3: + IC(0.675 ns) + CELL(0.618 ns) = 2.490 ns; Loc. = LCFF_X39_Y21_N3; Fanout = 2; REG Node = 'current_state.s3'
        Info: Total cell delay = 1.472 ns ( 59.12 % )
        Info: Total interconnect delay = 1.018 ns ( 40.88 % )
    Info: + Micro clock to output delay of source is 0.094 ns
    Info: + Longest register to pin delay is 2.487 ns
        Info: 1: + IC(0.000 ns) + CELL(0.000 ns) = 0.000 ns; Loc. = LCFF_X39_Y21_N3; Fanout = 2; REG Node = 'current_state.s3'
        Info: 2: + IC(0.333 ns) + CELL(2.154 ns) = 2.487 ns; Loc. = PIN_G1; Fanout = 0; PIN Node = 'x'
        Info: Total cell delay = 2.154 ns ( 86.61 % )
        Info: Total interconnect delay = 0.333 ns ( 13.39 % )
Info: th for register "current_state.s3" (data pin = "a", clock pin = "clock") is -2.357 ns
    Info: + Longest clock path from clock "clock" to destination register is 2.490 ns
        Info: 1: + IC(0.000 ns) + CELL(0.854 ns) = 0.854 ns; Loc. = PIN_N20; Fanout = 1; CLK Node = 'clock'
        Info: 2: + IC(0.343 ns) + CELL(0.000 ns) = 1.197 ns; Loc. = CLKCTRL_G3; Fanout = 4; COMB Node = 'clock~clkctrl'
        Info: 3: + IC(0.675 ns) + CELL(0.618 ns) = 2.490 ns; Loc. = LCFF_X39_Y21_N3; Fanout = 2; REG Node = 'current_state.s3'
        Info: Total cell delay = 1.472 ns ( 59.12 % )
        Info: Total interconnect delay = 1.018 ns ( 40.88 % )
    Info: + Micro hold delay of destination is 0.149 ns
    Info: - Shortest pin to register delay is 4.996 ns
        Info: 1: + IC(0.000 ns) + CELL(0.800 ns) = 0.800 ns; Loc. = PIN_H6; Fanout = 4; PIN Node = 'a'
        Info: 2: + IC(3.450 ns) + CELL(0.746 ns) = 4.996 ns; Loc. = LCFF_X39_Y21_N3; Fanout = 2; REG Node = 'current_state.s3'
        Info: Total cell delay = 1.546 ns ( 30.94 % )
        Info: Total interconnect delay = 3.450 ns ( 69.06 % )
Info: Quartus II Classic Timing Analyzer was successful. 0 errors, 1 warning
    Info: Allocated 202 megabytes of memory during processing
    Info: Processing ended: Mon Nov 09 07:37:38 2020
    Info: Elapsed time: 00:00:00


