Classic Timing Analyzer report for seq_design
Sat Dec 30 16:28:13 2023
Quartus II Version 9.0 Build 132 02/25/2009 SJ Full Version


---------------------
; Table of Contents ;
---------------------
  1. Legal Notice
  2. Timing Analyzer Summary
  3. Timing Analyzer Settings
  4. Clock Settings Summary
  5. Parallel Compilation
  6. Clock Setup: 'clock'
  7. tsu
  8. tco
  9. th
 10. Timing Analyzer Messages



----------------
; Legal Notice ;
----------------
Copyright (C) 1991-2009 Altera Corporation
Your use of Altera Corporation's design tools, logic functions 
and other software and tools, and its AMPP partner logic 
functions, and any output files from any of the foregoing 
(including device programming or simulation files), and any 
associated documentation or information are expressly subject 
to the terms and conditions of the Altera Program License 
Subscription Agreement, Altera MegaCore Function License 
Agreement, or other applicable license agreement, including, 
without limitation, that your use is for the sole purpose of 
programming logic devices manufactured by Altera and sold by 
Altera or its authorized distributors.  Please refer to the 
applicable agreement for further details.



+------------------------------------------------------------------------------------------------------------------------------------------------------------------------------------+
; Timing Analyzer Summary                                                                                                                                                            ;
+------------------------------+-------+---------------+------------------------------------------------+------------------+------------------+------------+----------+--------------+
; Type                         ; Slack ; Required Time ; Actual Time                                    ; From             ; To               ; From Clock ; To Clock ; Failed Paths ;
+------------------------------+-------+---------------+------------------------------------------------+------------------+------------------+------------+----------+--------------+
; Worst-case tsu               ; N/A   ; None          ; 2.622 ns                                       ; a                ; current_state.S0 ; --         ; clock    ; 0            ;
; Worst-case tco               ; N/A   ; None          ; 5.055 ns                                       ; current_state.S3 ; x                ; clock      ; --       ; 0            ;
; Worst-case th                ; N/A   ; None          ; -2.383 ns                                      ; a                ; current_state.S0 ; --         ; clock    ; 0            ;
; Clock Setup: 'clock'         ; N/A   ; None          ; Restricted to 500.00 MHz ( period = 2.000 ns ) ; current_state.S2 ; current_state.S3 ; clock      ; clock    ; 0            ;
; Total number of failed paths ;       ;               ;                                                ;                  ;                  ;            ;          ; 0            ;
+------------------------------+-------+---------------+------------------------------------------------+------------------+------------------+------------+----------+--------------+


+--------------------------------------------------------------------------------------------------------------------+
; Timing Analyzer Settings                                                                                           ;
+---------------------------------------------------------------------+--------------------+------+----+-------------+
; Option                                                              ; Setting            ; From ; To ; Entity Name ;
+---------------------------------------------------------------------+--------------------+------+----+-------------+
; Device Name                                                         ; EP2S15F484C3       ;      ;    ;             ;
; Timing Models                                                       ; Final              ;      ;    ;             ;
; Default hold multicycle                                             ; Same as Multicycle ;      ;    ;             ;
; Cut paths between unrelated clock domains                           ; On                 ;      ;    ;             ;
; Cut off read during write signal paths                              ; On                 ;      ;    ;             ;
; Cut off feedback from I/O pins                                      ; On                 ;      ;    ;             ;
; Report Combined Fast/Slow Timing                                    ; Off                ;      ;    ;             ;
; Ignore Clock Settings                                               ; Off                ;      ;    ;             ;
; Analyze latches as synchronous elements                             ; On                 ;      ;    ;             ;
; Enable Recovery/Removal analysis                                    ; Off                ;      ;    ;             ;
; Enable Clock Latency                                                ; Off                ;      ;    ;             ;
; Use TimeQuest Timing Analyzer                                       ; Off                ;      ;    ;             ;
; Number of source nodes to report per destination node               ; 10                 ;      ;    ;             ;
; Number of destination nodes to report                               ; 10                 ;      ;    ;             ;
; Number of paths to report                                           ; 200                ;      ;    ;             ;
; Report Minimum Timing Checks                                        ; Off                ;      ;    ;             ;
; Use Fast Timing Models                                              ; Off                ;      ;    ;             ;
; Report IO Paths Separately                                          ; Off                ;      ;    ;             ;
; Perform Multicorner Analysis                                        ; On                 ;      ;    ;             ;
; Reports the worst-case path for each clock domain and analysis      ; Off                ;      ;    ;             ;
; Removes common clock path pessimism (CCPP) during slack computation ; Off                ;      ;    ;             ;
; Output I/O Timing Endpoint                                          ; Near End           ;      ;    ;             ;
+---------------------------------------------------------------------+--------------------+------+----+-------------+


+------------------------------------------------------------------------------------------------------------------------------------------------------------------------------------+
; Clock Settings Summary                                                                                                                                                             ;
+-----------------+--------------------+----------+------------------+---------------+--------------+----------+-----------------------+---------------------+--------+--------------+
; Clock Node Name ; Clock Setting Name ; Type     ; Fmax Requirement ; Early Latency ; Late Latency ; Based on ; Multiply Base Fmax by ; Divide Base Fmax by ; Offset ; Phase offset ;
+-----------------+--------------------+----------+------------------+---------------+--------------+----------+-----------------------+---------------------+--------+--------------+
; clock           ;                    ; User Pin ; None             ; 0.000 ns      ; 0.000 ns     ; --       ; N/A                   ; N/A                 ; N/A    ;              ;
+-----------------+--------------------+----------+------------------+---------------+--------------+----------+-----------------------+---------------------+--------+--------------+


+------------------------------------------+
; Parallel Compilation                     ;
+----------------------------+-------------+
; Processors                 ; Number      ;
+----------------------------+-------------+
; Number detected on machine ; 4           ;
; Maximum allowed            ; 4           ;
;                            ;             ;
; Average used               ; 1.00        ;
; Maximum used               ; 1           ;
;                            ;             ;
; Usage by Processor         ; % Time Used ;
;     1 processor            ; 100.0%      ;
;     2-4 processors         ;   0.0%      ;
+----------------------------+-------------+


+----------------------------------------------------------------------------------------------------------------------------------------------------------------------------------------------------------+
; Clock Setup: 'clock'                                                                                                                                                                                     ;
+-------+------------------------------------------------+------------------+------------------+------------+----------+-----------------------------+---------------------------+-------------------------+
; Slack ; Actual fmax (period)                           ; From             ; To               ; From Clock ; To Clock ; Required Setup Relationship ; Required Longest P2P Time ; Actual Longest P2P Time ;
+-------+------------------------------------------------+------------------+------------------+------------+----------+-----------------------------+---------------------------+-------------------------+
; N/A   ; Restricted to 500.00 MHz ( period = 2.000 ns ) ; current_state.S2 ; current_state.S3 ; clock      ; clock    ; None                        ; None                      ; 0.560 ns                ;
; N/A   ; Restricted to 500.00 MHz ( period = 2.000 ns ) ; current_state.S1 ; current_state.S2 ; clock      ; clock    ; None                        ; None                      ; 0.498 ns                ;
; N/A   ; Restricted to 500.00 MHz ( period = 2.000 ns ) ; current_state.S3 ; current_state.S0 ; clock      ; clock    ; None                        ; None                      ; 0.421 ns                ;
; N/A   ; Restricted to 500.00 MHz ( period = 2.000 ns ) ; current_state.S0 ; current_state.S1 ; clock      ; clock    ; None                        ; None                      ; 0.405 ns                ;
+-------+------------------------------------------------+------------------+------------------+------------+----------+-----------------------------+---------------------------+-------------------------+


+------------------------------------------------------------------------+
; tsu                                                                    ;
+-------+--------------+------------+------+------------------+----------+
; Slack ; Required tsu ; Actual tsu ; From ; To               ; To Clock ;
+-------+--------------+------------+------+------------------+----------+
; N/A   ; None         ; 2.622 ns   ; a    ; current_state.S3 ; clock    ;
; N/A   ; None         ; 2.622 ns   ; a    ; current_state.S2 ; clock    ;
; N/A   ; None         ; 2.622 ns   ; a    ; current_state.S1 ; clock    ;
; N/A   ; None         ; 2.622 ns   ; a    ; current_state.S0 ; clock    ;
+-------+--------------+------------+------+------------------+----------+


+------------------------------------------------------------------------+
; tco                                                                    ;
+-------+--------------+------------+------------------+----+------------+
; Slack ; Required tco ; Actual tco ; From             ; To ; From Clock ;
+-------+--------------+------------+------------------+----+------------+
; N/A   ; None         ; 5.055 ns   ; current_state.S3 ; x  ; clock      ;
+-------+--------------+------------+------------------+----+------------+


+------------------------------------------------------------------------------+
; th                                                                           ;
+---------------+-------------+-----------+------+------------------+----------+
; Minimum Slack ; Required th ; Actual th ; From ; To               ; To Clock ;
+---------------+-------------+-----------+------+------------------+----------+
; N/A           ; None        ; -2.383 ns ; a    ; current_state.S3 ; clock    ;
; N/A           ; None        ; -2.383 ns ; a    ; current_state.S2 ; clock    ;
; N/A           ; None        ; -2.383 ns ; a    ; current_state.S1 ; clock    ;
; N/A           ; None        ; -2.383 ns ; a    ; current_state.S0 ; clock    ;
+---------------+-------------+-----------+------+------------------+----------+


+--------------------------+
; Timing Analyzer Messages ;
+--------------------------+
Info: *******************************************************************
Info: Running Quartus II Classic Timing Analyzer
    Info: Version 9.0 Build 132 02/25/2009 SJ Full Version
    Info: Processing started: Sat Dec 30 16:28:12 2023
Info: Command: quartus_tan --read_settings_files=off --write_settings_files=off seq_design -c seq_design --timing_analysis_only
Info: Parallel compilation is enabled and will use 4 of the 4 processors detected
Warning: Found pins functioning as undefined clocks and/or memory enables
    Info: Assuming node "clock" is an undefined clock
Info: Clock "clock" Internal fmax is restricted to 500.0 MHz between source register "current_state.S2" and destination register "current_state.S3"
    Info: fmax restricted to clock pin edge rate 2.0 ns. Expand message to see actual delay path.
        Info: + Longest register to register delay is 0.560 ns
            Info: 1: + IC(0.000 ns) + CELL(0.000 ns) = 0.000 ns; Loc. = LCFF_X39_Y19_N19; Fanout = 1; REG Node = 'current_state.S2'
            Info: 2: + IC(0.352 ns) + CELL(0.053 ns) = 0.405 ns; Loc. = LCCOMB_X39_Y19_N16; Fanout = 1; COMB Node = 'current_state.S3~feeder'
            Info: 3: + IC(0.000 ns) + CELL(0.155 ns) = 0.560 ns; Loc. = LCFF_X39_Y19_N17; Fanout = 2; REG Node = 'current_state.S3'
            Info: Total cell delay = 0.208 ns ( 37.14 % )
            Info: Total interconnect delay = 0.352 ns ( 62.86 % )
        Info: - Smallest clock skew is 0.000 ns
            Info: + Shortest clock path from clock "clock" to destination register is 2.485 ns
                Info: 1: + IC(0.000 ns) + CELL(0.854 ns) = 0.854 ns; Loc. = PIN_N20; Fanout = 1; CLK Node = 'clock'
                Info: 2: + IC(0.343 ns) + CELL(0.000 ns) = 1.197 ns; Loc. = CLKCTRL_G3; Fanout = 4; COMB Node = 'clock~clkctrl'
                Info: 3: + IC(0.670 ns) + CELL(0.618 ns) = 2.485 ns; Loc. = LCFF_X39_Y19_N17; Fanout = 2; REG Node = 'current_state.S3'
                Info: Total cell delay = 1.472 ns ( 59.24 % )
                Info: Total interconnect delay = 1.013 ns ( 40.76 % )
            Info: - Longest clock path from clock "clock" to source register is 2.485 ns
                Info: 1: + IC(0.000 ns) + CELL(0.854 ns) = 0.854 ns; Loc. = PIN_N20; Fanout = 1; CLK Node = 'clock'
                Info: 2: + IC(0.343 ns) + CELL(0.000 ns) = 1.197 ns; Loc. = CLKCTRL_G3; Fanout = 4; COMB Node = 'clock~clkctrl'
                Info: 3: + IC(0.670 ns) + CELL(0.618 ns) = 2.485 ns; Loc. = LCFF_X39_Y19_N19; Fanout = 1; REG Node = 'current_state.S2'
                Info: Total cell delay = 1.472 ns ( 59.24 % )
                Info: Total interconnect delay = 1.013 ns ( 40.76 % )
        Info: + Micro clock to output delay of source is 0.094 ns
        Info: + Micro setup delay of destination is 0.090 ns
Info: tsu for register "current_state.S3" (data pin = "a", clock pin = "clock") is 2.622 ns
    Info: + Longest pin to register delay is 5.017 ns
        Info: 1: + IC(0.000 ns) + CELL(0.820 ns) = 0.820 ns; Loc. = PIN_J3; Fanout = 4; PIN Node = 'a'
        Info: 2: + IC(3.451 ns) + CELL(0.746 ns) = 5.017 ns; Loc. = LCFF_X39_Y19_N17; Fanout = 2; REG Node = 'current_state.S3'
        Info: Total cell delay = 1.566 ns ( 31.21 % )
        Info: Total interconnect delay = 3.451 ns ( 68.79 % )
    Info: + Micro setup delay of destination is 0.090 ns
    Info: - Shortest clock path from clock "clock" to destination register is 2.485 ns
        Info: 1: + IC(0.000 ns) + CELL(0.854 ns) = 0.854 ns; Loc. = PIN_N20; Fanout = 1; CLK Node = 'clock'
        Info: 2: + IC(0.343 ns) + CELL(0.000 ns) = 1.197 ns; Loc. = CLKCTRL_G3; Fanout = 4; COMB Node = 'clock~clkctrl'
        Info: 3: + IC(0.670 ns) + CELL(0.618 ns) = 2.485 ns; Loc. = LCFF_X39_Y19_N17; Fanout = 2; REG Node = 'current_state.S3'
        Info: Total cell delay = 1.472 ns ( 59.24 % )
        Info: Total interconnect delay = 1.013 ns ( 40.76 % )
Info: tco from clock "clock" to destination pin "x" through register "current_state.S3" is 5.055 ns
    Info: + Longest clock path from clock "clock" to source register is 2.485 ns
        Info: 1: + IC(0.000 ns) + CELL(0.854 ns) = 0.854 ns; Loc. = PIN_N20; Fanout = 1; CLK Node = 'clock'
        Info: 2: + IC(0.343 ns) + CELL(0.000 ns) = 1.197 ns; Loc. = CLKCTRL_G3; Fanout = 4; COMB Node = 'clock~clkctrl'
        Info: 3: + IC(0.670 ns) + CELL(0.618 ns) = 2.485 ns; Loc. = LCFF_X39_Y19_N17; Fanout = 2; REG Node = 'current_state.S3'
        Info: Total cell delay = 1.472 ns ( 59.24 % )
        Info: Total interconnect delay = 1.013 ns ( 40.76 % )
    Info: + Micro clock to output delay of source is 0.094 ns
    Info: + Longest register to pin delay is 2.476 ns
        Info: 1: + IC(0.000 ns) + CELL(0.000 ns) = 0.000 ns; Loc. = LCFF_X39_Y19_N17; Fanout = 2; REG Node = 'current_state.S3'
        Info: 2: + IC(0.332 ns) + CELL(2.144 ns) = 2.476 ns; Loc. = PIN_J2; Fanout = 0; PIN Node = 'x'
        Info: Total cell delay = 2.144 ns ( 86.59 % )
        Info: Total interconnect delay = 0.332 ns ( 13.41 % )
Info: th for register "current_state.S3" (data pin = "a", clock pin = "clock") is -2.383 ns
    Info: + Longest clock path from clock "clock" to destination register is 2.485 ns
        Info: 1: + IC(0.000 ns) + CELL(0.854 ns) = 0.854 ns; Loc. = PIN_N20; Fanout = 1; CLK Node = 'clock'
        Info: 2: + IC(0.343 ns) + CELL(0.000 ns) = 1.197 ns; Loc. = CLKCTRL_G3; Fanout = 4; COMB Node = 'clock~clkctrl'
        Info: 3: + IC(0.670 ns) + CELL(0.618 ns) = 2.485 ns; Loc. = LCFF_X39_Y19_N17; Fanout = 2; REG Node = 'current_state.S3'
        Info: Total cell delay = 1.472 ns ( 59.24 % )
        Info: Total interconnect delay = 1.013 ns ( 40.76 % )
    Info: + Micro hold delay of destination is 0.149 ns
    Info: - Shortest pin to register delay is 5.017 ns
        Info: 1: + IC(0.000 ns) + CELL(0.820 ns) = 0.820 ns; Loc. = PIN_J3; Fanout = 4; PIN Node = 'a'
        Info: 2: + IC(3.451 ns) + CELL(0.746 ns) = 5.017 ns; Loc. = LCFF_X39_Y19_N17; Fanout = 2; REG Node = 'current_state.S3'
        Info: Total cell delay = 1.566 ns ( 31.21 % )
        Info: Total interconnect delay = 3.451 ns ( 68.79 % )
Info: Quartus II Classic Timing Analyzer was successful. 0 errors, 1 warning
    Info: Peak virtual memory: 198 megabytes
    Info: Processing ended: Sat Dec 30 16:28:13 2023
    Info: Elapsed time: 00:00:01
    Info: Total CPU time (on all processors): 00:00:00


