Classic Timing Analyzer report for if_case
Fri Nov 06 12:44:02 2020
Quartus II Version 7.2 Build 151 09/26/2007 SJ Full Version


---------------------
; Table of Contents ;
---------------------
  1. Legal Notice
  2. Timing Analyzer Summary
  3. Timing Analyzer Settings
  4. tpd
  5. Timing Analyzer Messages



----------------
; Legal Notice ;
----------------
Copyright (C) 1991-2007 Altera Corporation
Your use of Altera Corporation's design tools, logic functions 
and other software and tools, and its AMPP partner logic 
functions, and any output files from any of the foregoing 
(including device programming or simulation files), and any 
associated documentation or information are expressly subject 
to the terms and conditions of the Altera Program License 
Subscription Agreement, Altera MegaCore Function License 
Agreement, or other applicable license agreement, including, 
without limitation, that your use is for the sole purpose of 
programming logic devices manufactured by Altera and sold by 
Altera or its authorized distributors.  Please refer to the 
applicable agreement for further details.



+-------------------------------------------------------------------------------------------------------------------------+
; Timing Analyzer Summary                                                                                                 ;
+------------------------------+-------+---------------+-------------+--------+----+------------+----------+--------------+
; Type                         ; Slack ; Required Time ; Actual Time ; From   ; To ; From Clock ; To Clock ; Failed Paths ;
+------------------------------+-------+---------------+-------------+--------+----+------------+----------+--------------+
; Worst-case tpd               ; N/A   ; None          ; 4.855 ns    ; Sel[1] ; Y  ; --         ; --       ; 0            ;
; Total number of failed paths ;       ;               ;             ;        ;    ;            ;          ; 0            ;
+------------------------------+-------+---------------+-------------+--------+----+------------+----------+--------------+


+---------------------------------------------------------------------------------------------------------------+
; Timing Analyzer Settings                                                                                      ;
+----------------------------------------------------------------+--------------------+------+----+-------------+
; Option                                                         ; Setting            ; From ; To ; Entity Name ;
+----------------------------------------------------------------+--------------------+------+----+-------------+
; Device Name                                                    ; EPM240T100C3       ;      ;    ;             ;
; Timing Models                                                  ; Final              ;      ;    ;             ;
; Default hold multicycle                                        ; Same as Multicycle ;      ;    ;             ;
; Cut paths between unrelated clock domains                      ; On                 ;      ;    ;             ;
; Cut off read during write signal paths                         ; On                 ;      ;    ;             ;
; Cut off feedback from I/O pins                                 ; On                 ;      ;    ;             ;
; Report Combined Fast/Slow Timing                               ; Off                ;      ;    ;             ;
; Ignore Clock Settings                                          ; Off                ;      ;    ;             ;
; Analyze latches as synchronous elements                        ; On                 ;      ;    ;             ;
; Enable Recovery/Removal analysis                               ; Off                ;      ;    ;             ;
; Enable Clock Latency                                           ; Off                ;      ;    ;             ;
; Use TimeQuest Timing Analyzer                                  ; Off                ;      ;    ;             ;
; Number of source nodes to report per destination node          ; 10                 ;      ;    ;             ;
; Number of destination nodes to report                          ; 10                 ;      ;    ;             ;
; Number of paths to report                                      ; 200                ;      ;    ;             ;
; Report Minimum Timing Checks                                   ; Off                ;      ;    ;             ;
; Use Fast Timing Models                                         ; Off                ;      ;    ;             ;
; Report IO Paths Separately                                     ; Off                ;      ;    ;             ;
; Perform Multicorner Analysis                                   ; Off                ;      ;    ;             ;
; Reports the worst-case path for each clock domain and analysis ; Off                ;      ;    ;             ;
+----------------------------------------------------------------+--------------------+------+----+-------------+


+-----------------------------------------------------------+
; tpd                                                       ;
+-------+-------------------+-----------------+--------+----+
; Slack ; Required P2P Time ; Actual P2P Time ; From   ; To ;
+-------+-------------------+-----------------+--------+----+
; N/A   ; None              ; 4.855 ns        ; Sel[1] ; Y  ;
; N/A   ; None              ; 4.798 ns        ; Sel[0] ; Y  ;
; N/A   ; None              ; 4.787 ns        ; c      ; Y  ;
; N/A   ; None              ; 4.626 ns        ; b      ; Y  ;
; N/A   ; None              ; 4.527 ns        ; d      ; Y  ;
; N/A   ; None              ; 4.512 ns        ; a      ; Y  ;
; N/A   ; None              ; 4.469 ns        ; Sel[1] ; z  ;
; N/A   ; None              ; 4.412 ns        ; Sel[0] ; z  ;
; N/A   ; None              ; 4.401 ns        ; c      ; z  ;
; N/A   ; None              ; 4.240 ns        ; b      ; z  ;
; N/A   ; None              ; 4.141 ns        ; d      ; z  ;
; N/A   ; None              ; 4.126 ns        ; a      ; z  ;
+-------+-------------------+-----------------+--------+----+


+--------------------------+
; Timing Analyzer Messages ;
+--------------------------+
Info: *******************************************************************
Info: Running Quartus II Classic Timing Analyzer
    Info: Version 7.2 Build 151 09/26/2007 SJ Full Version
    Info: Processing started: Fri Nov 06 12:44:02 2020
Info: Command: quartus_tan --read_settings_files=off --write_settings_files=off if_case -c if_case
Info: Started post-fitting delay annotation
Info: Delay annotation completed successfully
Info: Longest tpd from source pin "Sel[1]" to destination pin "Y" is 4.855 ns
    Info: 1: + IC(0.000 ns) + CELL(0.708 ns) = 0.708 ns; Loc. = PIN_92; Fanout = 2; PIN Node = 'Sel[1]'
    Info: 2: + IC(1.321 ns) + CELL(0.571 ns) = 2.600 ns; Loc. = LC_X2_Y4_N2; Fanout = 2; COMB Node = 'Y~111'
    Info: 3: + IC(0.801 ns) + CELL(1.454 ns) = 4.855 ns; Loc. = PIN_3; Fanout = 0; PIN Node = 'Y'
    Info: Total cell delay = 2.733 ns ( 56.29 % )
    Info: Total interconnect delay = 2.122 ns ( 43.71 % )
Info: Quartus II Classic Timing Analyzer was successful. 0 errors, 0 warnings
    Info: Allocated 198 megabytes of memory during processing
    Info: Processing ended: Fri Nov 06 12:44:02 2020
    Info: Elapsed time: 00:00:00


