Classic Timing Analyzer report for AAA
Fri Nov 27 14:46:59 2020
Quartus II 64-Bit Version 7.2 Build 151 09/26/2007 SJ Full Version


---------------------
; Table of Contents ;
---------------------
  1. Legal Notice
  2. Timing Analyzer Summary
  3. Timing Analyzer Settings
  4. Clock Settings Summary
  5. Clock Setup: 'Ck'
  6. tsu
  7. tco
  8. th
  9. Timing Analyzer Messages



----------------
; Legal Notice ;
----------------
Copyright (C) 1991-2007 Altera Corporation
Your use of Altera Corporation's design tools, logic functions 
and other software and tools, and its AMPP partner logic 
functions, and any output files from any of the foregoing 
(including device programming or simulation files), and any 
associated documentation or information are expressly subject 
to the terms and conditions of the Altera Program License 
Subscription Agreement, Altera MegaCore Function License 
Agreement, or other applicable license agreement, including, 
without limitation, that your use is for the sole purpose of 
programming logic devices manufactured by Altera and sold by 
Altera or its authorized distributors.  Please refer to the 
applicable agreement for further details.



+------------------------------------------------------------------------------------------------------------------------------------------------------------------------------+
; Timing Analyzer Summary                                                                                                                                                      ;
+------------------------------+-------+---------------+------------------------------------------------+---------------+---------------+------------+----------+--------------+
; Type                         ; Slack ; Required Time ; Actual Time                                    ; From          ; To            ; From Clock ; To Clock ; Failed Paths ;
+------------------------------+-------+---------------+------------------------------------------------+---------------+---------------+------------+----------+--------------+
; Worst-case tsu               ; N/A   ; None          ; 2.767 ns                                       ; i_DIR         ; State.state_a ; --         ; Ck       ; 0            ;
; Worst-case tco               ; N/A   ; None          ; 5.764 ns                                       ; State.state_b ; o_A           ; Ck         ; --       ; 0            ;
; Worst-case th                ; N/A   ; None          ; -2.525 ns                                      ; i_DIR         ; State.state_d ; --         ; Ck       ; 0            ;
; Clock Setup: 'Ck'            ; N/A   ; None          ; Restricted to 500.00 MHz ( period = 2.000 ns ) ; State.state_a ; State.state_d ; Ck         ; Ck       ; 0            ;
; Total number of failed paths ;       ;               ;                                                ;               ;               ;            ;          ; 0            ;
+------------------------------+-------+---------------+------------------------------------------------+---------------+---------------+------------+----------+--------------+


+---------------------------------------------------------------------------------------------------------------+
; Timing Analyzer Settings                                                                                      ;
+----------------------------------------------------------------+--------------------+------+----+-------------+
; Option                                                         ; Setting            ; From ; To ; Entity Name ;
+----------------------------------------------------------------+--------------------+------+----+-------------+
; Device Name                                                    ; EP2S15F484C3       ;      ;    ;             ;
; Timing Models                                                  ; Final              ;      ;    ;             ;
; Default hold multicycle                                        ; Same as Multicycle ;      ;    ;             ;
; Cut paths between unrelated clock domains                      ; On                 ;      ;    ;             ;
; Cut off read during write signal paths                         ; On                 ;      ;    ;             ;
; Cut off feedback from I/O pins                                 ; On                 ;      ;    ;             ;
; Report Combined Fast/Slow Timing                               ; Off                ;      ;    ;             ;
; Ignore Clock Settings                                          ; Off                ;      ;    ;             ;
; Analyze latches as synchronous elements                        ; On                 ;      ;    ;             ;
; Enable Recovery/Removal analysis                               ; Off                ;      ;    ;             ;
; Enable Clock Latency                                           ; Off                ;      ;    ;             ;
; Use TimeQuest Timing Analyzer                                  ; Off                ;      ;    ;             ;
; Number of source nodes to report per destination node          ; 10                 ;      ;    ;             ;
; Number of destination nodes to report                          ; 10                 ;      ;    ;             ;
; Number of paths to report                                      ; 200                ;      ;    ;             ;
; Report Minimum Timing Checks                                   ; Off                ;      ;    ;             ;
; Use Fast Timing Models                                         ; Off                ;      ;    ;             ;
; Report IO Paths Separately                                     ; Off                ;      ;    ;             ;
; Perform Multicorner Analysis                                   ; On                 ;      ;    ;             ;
; Reports the worst-case path for each clock domain and analysis ; Off                ;      ;    ;             ;
+----------------------------------------------------------------+--------------------+------+----+-------------+


+------------------------------------------------------------------------------------------------------------------------------------------------------------------------------------+
; Clock Settings Summary                                                                                                                                                             ;
+-----------------+--------------------+----------+------------------+---------------+--------------+----------+-----------------------+---------------------+--------+--------------+
; Clock Node Name ; Clock Setting Name ; Type     ; Fmax Requirement ; Early Latency ; Late Latency ; Based on ; Multiply Base Fmax by ; Divide Base Fmax by ; Offset ; Phase offset ;
+-----------------+--------------------+----------+------------------+---------------+--------------+----------+-----------------------+---------------------+--------+--------------+
; Ck              ;                    ; User Pin ; None             ; 0.000 ns      ; 0.000 ns     ; --       ; N/A                   ; N/A                 ; N/A    ;              ;
+-----------------+--------------------+----------+------------------+---------------+--------------+----------+-----------------------+---------------------+--------+--------------+


+----------------------------------------------------------------------------------------------------------------------------------------------------------------------------------------------------+
; Clock Setup: 'Ck'                                                                                                                                                                                  ;
+-------+------------------------------------------------+---------------+---------------+------------+----------+-----------------------------+---------------------------+-------------------------+
; Slack ; Actual fmax (period)                           ; From          ; To            ; From Clock ; To Clock ; Required Setup Relationship ; Required Longest P2P Time ; Actual Longest P2P Time ;
+-------+------------------------------------------------+---------------+---------------+------------+----------+-----------------------------+---------------------------+-------------------------+
; N/A   ; Restricted to 500.00 MHz ( period = 2.000 ns ) ; State.state_a ; State.state_b ; Ck         ; Ck       ; None                        ; None                      ; 0.602 ns                ;
; N/A   ; Restricted to 500.00 MHz ( period = 2.000 ns ) ; State.state_d ; State.state_a ; Ck         ; Ck       ; None                        ; None                      ; 0.602 ns                ;
; N/A   ; Restricted to 500.00 MHz ( period = 2.000 ns ) ; State.state_d ; State.state_c ; Ck         ; Ck       ; None                        ; None                      ; 0.602 ns                ;
; N/A   ; Restricted to 500.00 MHz ( period = 2.000 ns ) ; State.state_a ; State.state_d ; Ck         ; Ck       ; None                        ; None                      ; 0.602 ns                ;
; N/A   ; Restricted to 500.00 MHz ( period = 2.000 ns ) ; State.state_b ; State.state_c ; Ck         ; Ck       ; None                        ; None                      ; 0.425 ns                ;
; N/A   ; Restricted to 500.00 MHz ( period = 2.000 ns ) ; State.state_b ; State.state_a ; Ck         ; Ck       ; None                        ; None                      ; 0.424 ns                ;
; N/A   ; Restricted to 500.00 MHz ( period = 2.000 ns ) ; State.state_c ; State.state_b ; Ck         ; Ck       ; None                        ; None                      ; 0.415 ns                ;
; N/A   ; Restricted to 500.00 MHz ( period = 2.000 ns ) ; State.state_c ; State.state_d ; Ck         ; Ck       ; None                        ; None                      ; 0.414 ns                ;
+-------+------------------------------------------------+---------------+---------------+------------+----------+-----------------------------+---------------------------+-------------------------+


+----------------------------------------------------------------------+
; tsu                                                                  ;
+-------+--------------+------------+-------+---------------+----------+
; Slack ; Required tsu ; Actual tsu ; From  ; To            ; To Clock ;
+-------+--------------+------------+-------+---------------+----------+
; N/A   ; None         ; 2.767 ns   ; i_DIR ; State.state_b ; Ck       ;
; N/A   ; None         ; 2.767 ns   ; i_DIR ; State.state_a ; Ck       ;
; N/A   ; None         ; 2.764 ns   ; i_DIR ; State.state_c ; Ck       ;
; N/A   ; None         ; 2.764 ns   ; i_DIR ; State.state_d ; Ck       ;
+-------+--------------+------------+-------+---------------+----------+


+----------------------------------------------------------------------+
; tco                                                                  ;
+-------+--------------+------------+---------------+-----+------------+
; Slack ; Required tco ; Actual tco ; From          ; To  ; From Clock ;
+-------+--------------+------------+---------------+-----+------------+
; N/A   ; None         ; 5.764 ns   ; State.state_b ; o_A ; Ck         ;
; N/A   ; None         ; 5.748 ns   ; State.state_b ; o_B ; Ck         ;
; N/A   ; None         ; 5.440 ns   ; State.state_a ; o_B ; Ck         ;
; N/A   ; None         ; 5.392 ns   ; State.state_d ; o_A ; Ck         ;
+-------+--------------+------------+---------------+-----+------------+


+----------------------------------------------------------------------------+
; th                                                                         ;
+---------------+-------------+-----------+-------+---------------+----------+
; Minimum Slack ; Required th ; Actual th ; From  ; To            ; To Clock ;
+---------------+-------------+-----------+-------+---------------+----------+
; N/A           ; None        ; -2.525 ns ; i_DIR ; State.state_c ; Ck       ;
; N/A           ; None        ; -2.525 ns ; i_DIR ; State.state_d ; Ck       ;
; N/A           ; None        ; -2.528 ns ; i_DIR ; State.state_b ; Ck       ;
; N/A           ; None        ; -2.528 ns ; i_DIR ; State.state_a ; Ck       ;
+---------------+-------------+-----------+-------+---------------+----------+


+--------------------------+
; Timing Analyzer Messages ;
+--------------------------+
Info: *******************************************************************
Info: Running Quartus II 64-Bit Classic Timing Analyzer
    Info: Version 7.2 Build 151 09/26/2007 SJ Full Version
    Info: Processing started: Fri Nov 27 14:46:52 2020
Info: Command: quartus_tan --read_settings_files=off --write_settings_files=off AAA -c AAA --timing_analysis_only
Warning: Found pins functioning as undefined clocks and/or memory enables
    Info: Assuming node "Ck" is an undefined clock
Info: Clock "Ck" Internal fmax is restricted to 500.0 MHz between source register "State.state_a" and destination register "State.state_b"
    Info: fmax restricted to clock pin edge rate 2.0 ns. Expand message to see actual delay path.
        Info: + Longest register to register delay is 0.602 ns
            Info: 1: + IC(0.000 ns) + CELL(0.000 ns) = 0.000 ns; Loc. = LCFF_X35_Y26_N13; Fanout = 3; REG Node = 'State.state_a'
            Info: 2: + IC(0.222 ns) + CELL(0.225 ns) = 0.447 ns; Loc. = LCCOMB_X35_Y26_N14; Fanout = 1; COMB Node = 'Selector1~14'
            Info: 3: + IC(0.000 ns) + CELL(0.155 ns) = 0.602 ns; Loc. = LCFF_X35_Y26_N15; Fanout = 4; REG Node = 'State.state_b'
            Info: Total cell delay = 0.380 ns ( 63.12 % )
            Info: Total interconnect delay = 0.222 ns ( 36.88 % )
        Info: - Smallest clock skew is 0.000 ns
            Info: + Shortest clock path from clock "Ck" to destination register is 2.502 ns
                Info: 1: + IC(0.000 ns) + CELL(0.854 ns) = 0.854 ns; Loc. = PIN_N20; Fanout = 1; CLK Node = 'Ck'
                Info: 2: + IC(0.343 ns) + CELL(0.000 ns) = 1.197 ns; Loc. = CLKCTRL_G3; Fanout = 4; COMB Node = 'Ck~clkctrl'
                Info: 3: + IC(0.687 ns) + CELL(0.618 ns) = 2.502 ns; Loc. = LCFF_X35_Y26_N15; Fanout = 4; REG Node = 'State.state_b'
                Info: Total cell delay = 1.472 ns ( 58.83 % )
                Info: Total interconnect delay = 1.030 ns ( 41.17 % )
            Info: - Longest clock path from clock "Ck" to source register is 2.502 ns
                Info: 1: + IC(0.000 ns) + CELL(0.854 ns) = 0.854 ns; Loc. = PIN_N20; Fanout = 1; CLK Node = 'Ck'
                Info: 2: + IC(0.343 ns) + CELL(0.000 ns) = 1.197 ns; Loc. = CLKCTRL_G3; Fanout = 4; COMB Node = 'Ck~clkctrl'
                Info: 3: + IC(0.687 ns) + CELL(0.618 ns) = 2.502 ns; Loc. = LCFF_X35_Y26_N13; Fanout = 3; REG Node = 'State.state_a'
                Info: Total cell delay = 1.472 ns ( 58.83 % )
                Info: Total interconnect delay = 1.030 ns ( 41.17 % )
        Info: + Micro clock to output delay of source is 0.094 ns
        Info: + Micro setup delay of destination is 0.090 ns
Info: tsu for register "State.state_b" (data pin = "i_DIR", clock pin = "Ck") is 2.767 ns
    Info: + Longest pin to register delay is 5.179 ns
        Info: 1: + IC(0.000 ns) + CELL(0.820 ns) = 0.820 ns; Loc. = PIN_E4; Fanout = 4; PIN Node = 'i_DIR'
        Info: 2: + IC(3.838 ns) + CELL(0.366 ns) = 5.024 ns; Loc. = LCCOMB_X35_Y26_N14; Fanout = 1; COMB Node = 'Selector1~14'
        Info: 3: + IC(0.000 ns) + CELL(0.155 ns) = 5.179 ns; Loc. = LCFF_X35_Y26_N15; Fanout = 4; REG Node = 'State.state_b'
        Info: Total cell delay = 1.341 ns ( 25.89 % )
        Info: Total interconnect delay = 3.838 ns ( 74.11 % )
    Info: + Micro setup delay of destination is 0.090 ns
    Info: - Shortest clock path from clock "Ck" to destination register is 2.502 ns
        Info: 1: + IC(0.000 ns) + CELL(0.854 ns) = 0.854 ns; Loc. = PIN_N20; Fanout = 1; CLK Node = 'Ck'
        Info: 2: + IC(0.343 ns) + CELL(0.000 ns) = 1.197 ns; Loc. = CLKCTRL_G3; Fanout = 4; COMB Node = 'Ck~clkctrl'
        Info: 3: + IC(0.687 ns) + CELL(0.618 ns) = 2.502 ns; Loc. = LCFF_X35_Y26_N15; Fanout = 4; REG Node = 'State.state_b'
        Info: Total cell delay = 1.472 ns ( 58.83 % )
        Info: Total interconnect delay = 1.030 ns ( 41.17 % )
Info: tco from clock "Ck" to destination pin "o_A" through register "State.state_b" is 5.764 ns
    Info: + Longest clock path from clock "Ck" to source register is 2.502 ns
        Info: 1: + IC(0.000 ns) + CELL(0.854 ns) = 0.854 ns; Loc. = PIN_N20; Fanout = 1; CLK Node = 'Ck'
        Info: 2: + IC(0.343 ns) + CELL(0.000 ns) = 1.197 ns; Loc. = CLKCTRL_G3; Fanout = 4; COMB Node = 'Ck~clkctrl'
        Info: 3: + IC(0.687 ns) + CELL(0.618 ns) = 2.502 ns; Loc. = LCFF_X35_Y26_N15; Fanout = 4; REG Node = 'State.state_b'
        Info: Total cell delay = 1.472 ns ( 58.83 % )
        Info: Total interconnect delay = 1.030 ns ( 41.17 % )
    Info: + Micro clock to output delay of source is 0.094 ns
    Info: + Longest register to pin delay is 3.168 ns
        Info: 1: + IC(0.000 ns) + CELL(0.000 ns) = 0.000 ns; Loc. = LCFF_X35_Y26_N15; Fanout = 4; REG Node = 'State.state_b'
        Info: 2: + IC(0.360 ns) + CELL(0.366 ns) = 0.726 ns; Loc. = LCCOMB_X35_Y26_N10; Fanout = 1; COMB Node = 'o_A~0'
        Info: 3: + IC(0.480 ns) + CELL(1.962 ns) = 3.168 ns; Loc. = PIN_D6; Fanout = 0; PIN Node = 'o_A'
        Info: Total cell delay = 2.328 ns ( 73.48 % )
        Info: Total interconnect delay = 0.840 ns ( 26.52 % )
Info: th for register "State.state_c" (data pin = "i_DIR", clock pin = "Ck") is -2.525 ns
    Info: + Longest clock path from clock "Ck" to destination register is 2.502 ns
        Info: 1: + IC(0.000 ns) + CELL(0.854 ns) = 0.854 ns; Loc. = PIN_N20; Fanout = 1; CLK Node = 'Ck'
        Info: 2: + IC(0.343 ns) + CELL(0.000 ns) = 1.197 ns; Loc. = CLKCTRL_G3; Fanout = 4; COMB Node = 'Ck~clkctrl'
        Info: 3: + IC(0.687 ns) + CELL(0.618 ns) = 2.502 ns; Loc. = LCFF_X35_Y26_N27; Fanout = 2; REG Node = 'State.state_c'
        Info: Total cell delay = 1.472 ns ( 58.83 % )
        Info: Total interconnect delay = 1.030 ns ( 41.17 % )
    Info: + Micro hold delay of destination is 0.149 ns
    Info: - Shortest pin to register delay is 5.176 ns
        Info: 1: + IC(0.000 ns) + CELL(0.820 ns) = 0.820 ns; Loc. = PIN_E4; Fanout = 4; PIN Node = 'i_DIR'
        Info: 2: + IC(3.835 ns) + CELL(0.366 ns) = 5.021 ns; Loc. = LCCOMB_X35_Y26_N26; Fanout = 1; COMB Node = 'Selector2~14'
        Info: 3: + IC(0.000 ns) + CELL(0.155 ns) = 5.176 ns; Loc. = LCFF_X35_Y26_N27; Fanout = 2; REG Node = 'State.state_c'
        Info: Total cell delay = 1.341 ns ( 25.91 % )
        Info: Total interconnect delay = 3.835 ns ( 74.09 % )
Info: Quartus II 64-Bit Classic Timing Analyzer was successful. 0 errors, 1 warning
    Info: Allocated 4383 megabytes of memory during processing
    Info: Processing ended: Fri Nov 27 14:47:06 2020
    Info: Elapsed time: 00:00:14


