Classic Timing Analyzer report for jk_ff
Fri Nov 06 13:08:42 2020
Quartus II Version 7.2 Build 151 09/26/2007 SJ Full Version


---------------------
; Table of Contents ;
---------------------
  1. Legal Notice
  2. Timing Analyzer Summary
  3. Timing Analyzer Settings
  4. Clock Settings Summary
  5. Clock Setup: 'clock'
  6. tsu
  7. tco
  8. th
  9. Timing Analyzer Messages



----------------
; Legal Notice ;
----------------
Copyright (C) 1991-2007 Altera Corporation
Your use of Altera Corporation's design tools, logic functions 
and other software and tools, and its AMPP partner logic 
functions, and any output files from any of the foregoing 
(including device programming or simulation files), and any 
associated documentation or information are expressly subject 
to the terms and conditions of the Altera Program License 
Subscription Agreement, Altera MegaCore Function License 
Agreement, or other applicable license agreement, including, 
without limitation, that your use is for the sole purpose of 
programming logic devices manufactured by Altera and sold by 
Altera or its authorized distributors.  Please refer to the 
applicable agreement for further details.



+--------------------------------------------------------------------------------------------------------------------------------------------------------------+
; Timing Analyzer Summary                                                                                                                                      ;
+------------------------------+-------+---------------+------------------------------------------------+-------+-------+------------+----------+--------------+
; Type                         ; Slack ; Required Time ; Actual Time                                    ; From  ; To    ; From Clock ; To Clock ; Failed Paths ;
+------------------------------+-------+---------------+------------------------------------------------+-------+-------+------------+----------+--------------+
; Worst-case tsu               ; N/A   ; None          ; 3.144 ns                                       ; J     ; state ; --         ; clock    ; 0            ;
; Worst-case tco               ; N/A   ; None          ; 4.914 ns                                       ; state ; Q     ; clock      ; --       ; 0            ;
; Worst-case th                ; N/A   ; None          ; -2.833 ns                                      ; K     ; state ; --         ; clock    ; 0            ;
; Clock Setup: 'clock'         ; N/A   ; None          ; Restricted to 500.00 MHz ( period = 2.000 ns ) ; state ; state ; clock      ; clock    ; 0            ;
; Total number of failed paths ;       ;               ;                                                ;       ;       ;            ;          ; 0            ;
+------------------------------+-------+---------------+------------------------------------------------+-------+-------+------------+----------+--------------+


+---------------------------------------------------------------------------------------------------------------+
; Timing Analyzer Settings                                                                                      ;
+----------------------------------------------------------------+--------------------+------+----+-------------+
; Option                                                         ; Setting            ; From ; To ; Entity Name ;
+----------------------------------------------------------------+--------------------+------+----+-------------+
; Device Name                                                    ; EP2S15F484C3       ;      ;    ;             ;
; Timing Models                                                  ; Final              ;      ;    ;             ;
; Default hold multicycle                                        ; Same as Multicycle ;      ;    ;             ;
; Cut paths between unrelated clock domains                      ; On                 ;      ;    ;             ;
; Cut off read during write signal paths                         ; On                 ;      ;    ;             ;
; Cut off feedback from I/O pins                                 ; On                 ;      ;    ;             ;
; Report Combined Fast/Slow Timing                               ; Off                ;      ;    ;             ;
; Ignore Clock Settings                                          ; Off                ;      ;    ;             ;
; Analyze latches as synchronous elements                        ; On                 ;      ;    ;             ;
; Enable Recovery/Removal analysis                               ; Off                ;      ;    ;             ;
; Enable Clock Latency                                           ; Off                ;      ;    ;             ;
; Use TimeQuest Timing Analyzer                                  ; Off                ;      ;    ;             ;
; Number of source nodes to report per destination node          ; 10                 ;      ;    ;             ;
; Number of destination nodes to report                          ; 10                 ;      ;    ;             ;
; Number of paths to report                                      ; 200                ;      ;    ;             ;
; Report Minimum Timing Checks                                   ; Off                ;      ;    ;             ;
; Use Fast Timing Models                                         ; Off                ;      ;    ;             ;
; Report IO Paths Separately                                     ; Off                ;      ;    ;             ;
; Perform Multicorner Analysis                                   ; On                 ;      ;    ;             ;
; Reports the worst-case path for each clock domain and analysis ; Off                ;      ;    ;             ;
+----------------------------------------------------------------+--------------------+------+----+-------------+


+------------------------------------------------------------------------------------------------------------------------------------------------------------------------------------+
; Clock Settings Summary                                                                                                                                                             ;
+-----------------+--------------------+----------+------------------+---------------+--------------+----------+-----------------------+---------------------+--------+--------------+
; Clock Node Name ; Clock Setting Name ; Type     ; Fmax Requirement ; Early Latency ; Late Latency ; Based on ; Multiply Base Fmax by ; Divide Base Fmax by ; Offset ; Phase offset ;
+-----------------+--------------------+----------+------------------+---------------+--------------+----------+-----------------------+---------------------+--------+--------------+
; clock           ;                    ; User Pin ; None             ; 0.000 ns      ; 0.000 ns     ; --       ; N/A                   ; N/A                 ; N/A    ;              ;
+-----------------+--------------------+----------+------------------+---------------+--------------+----------+-----------------------+---------------------+--------+--------------+


+------------------------------------------------------------------------------------------------------------------------------------------------------------------------------------+
; Clock Setup: 'clock'                                                                                                                                                               ;
+-------+------------------------------------------------+-------+-------+------------+----------+-----------------------------+---------------------------+-------------------------+
; Slack ; Actual fmax (period)                           ; From  ; To    ; From Clock ; To Clock ; Required Setup Relationship ; Required Longest P2P Time ; Actual Longest P2P Time ;
+-------+------------------------------------------------+-------+-------+------------+----------+-----------------------------+---------------------------+-------------------------+
; N/A   ; Restricted to 500.00 MHz ( period = 2.000 ns ) ; state ; state ; clock      ; clock    ; None                        ; None                      ; 0.396 ns                ;
+-------+------------------------------------------------+-------+-------+------------+----------+-----------------------------+---------------------------+-------------------------+


+-------------------------------------------------------------+
; tsu                                                         ;
+-------+--------------+------------+------+-------+----------+
; Slack ; Required tsu ; Actual tsu ; From ; To    ; To Clock ;
+-------+--------------+------------+------+-------+----------+
; N/A   ; None         ; 3.144 ns   ; J    ; state ; clock    ;
; N/A   ; None         ; 3.072 ns   ; K    ; state ; clock    ;
+-------+--------------+------------+------+-------+----------+


+---------------------------------------------------------------+
; tco                                                           ;
+-------+--------------+------------+-------+------+------------+
; Slack ; Required tco ; Actual tco ; From  ; To   ; From Clock ;
+-------+--------------+------------+-------+------+------------+
; N/A   ; None         ; 4.914 ns   ; state ; Q    ; clock      ;
; N/A   ; None         ; 4.859 ns   ; state ; Qbar ; clock      ;
+-------+--------------+------------+-------+------+------------+


+-------------------------------------------------------------------+
; th                                                                ;
+---------------+-------------+-----------+------+-------+----------+
; Minimum Slack ; Required th ; Actual th ; From ; To    ; To Clock ;
+---------------+-------------+-----------+------+-------+----------+
; N/A           ; None        ; -2.833 ns ; K    ; state ; clock    ;
; N/A           ; None        ; -2.905 ns ; J    ; state ; clock    ;
+---------------+-------------+-----------+------+-------+----------+


+--------------------------+
; Timing Analyzer Messages ;
+--------------------------+
Info: *******************************************************************
Info: Running Quartus II Classic Timing Analyzer
    Info: Version 7.2 Build 151 09/26/2007 SJ Full Version
    Info: Processing started: Fri Nov 06 13:08:42 2020
Info: Command: quartus_tan --read_settings_files=off --write_settings_files=off jk_ff -c jk_ff --timing_analysis_only
Warning: Found pins functioning as undefined clocks and/or memory enables
    Info: Assuming node "clock" is an undefined clock
Info: Clock "clock" Internal fmax is restricted to 500.0 MHz between source register "state" and destination register "state"
    Info: fmax restricted to clock pin edge rate 2.0 ns. Expand message to see actual delay path.
        Info: + Longest register to register delay is 0.396 ns
            Info: 1: + IC(0.000 ns) + CELL(0.000 ns) = 0.000 ns; Loc. = LCFF_X22_Y26_N3; Fanout = 3; REG Node = 'state'
            Info: 2: + IC(0.000 ns) + CELL(0.241 ns) = 0.241 ns; Loc. = LCCOMB_X22_Y26_N2; Fanout = 1; COMB Node = 'Mux0~15'
            Info: 3: + IC(0.000 ns) + CELL(0.155 ns) = 0.396 ns; Loc. = LCFF_X22_Y26_N3; Fanout = 3; REG Node = 'state'
            Info: Total cell delay = 0.396 ns ( 100.00 % )
        Info: - Smallest clock skew is 0.000 ns
            Info: + Shortest clock path from clock "clock" to destination register is 2.287 ns
                Info: 1: + IC(0.000 ns) + CELL(0.809 ns) = 0.809 ns; Loc. = PIN_B12; Fanout = 1; CLK Node = 'clock'
                Info: 2: + IC(0.860 ns) + CELL(0.618 ns) = 2.287 ns; Loc. = LCFF_X22_Y26_N3; Fanout = 3; REG Node = 'state'
                Info: Total cell delay = 1.427 ns ( 62.40 % )
                Info: Total interconnect delay = 0.860 ns ( 37.60 % )
            Info: - Longest clock path from clock "clock" to source register is 2.287 ns
                Info: 1: + IC(0.000 ns) + CELL(0.809 ns) = 0.809 ns; Loc. = PIN_B12; Fanout = 1; CLK Node = 'clock'
                Info: 2: + IC(0.860 ns) + CELL(0.618 ns) = 2.287 ns; Loc. = LCFF_X22_Y26_N3; Fanout = 3; REG Node = 'state'
                Info: Total cell delay = 1.427 ns ( 62.40 % )
                Info: Total interconnect delay = 0.860 ns ( 37.60 % )
        Info: + Micro clock to output delay of source is 0.094 ns
        Info: + Micro setup delay of destination is 0.090 ns
Info: tsu for register "state" (data pin = "J", clock pin = "clock") is 3.144 ns
    Info: + Longest pin to register delay is 5.341 ns
        Info: 1: + IC(0.000 ns) + CELL(0.820 ns) = 0.820 ns; Loc. = PIN_E20; Fanout = 1; PIN Node = 'J'
        Info: 2: + IC(4.094 ns) + CELL(0.272 ns) = 5.186 ns; Loc. = LCCOMB_X22_Y26_N2; Fanout = 1; COMB Node = 'Mux0~15'
        Info: 3: + IC(0.000 ns) + CELL(0.155 ns) = 5.341 ns; Loc. = LCFF_X22_Y26_N3; Fanout = 3; REG Node = 'state'
        Info: Total cell delay = 1.247 ns ( 23.35 % )
        Info: Total interconnect delay = 4.094 ns ( 76.65 % )
    Info: + Micro setup delay of destination is 0.090 ns
    Info: - Shortest clock path from clock "clock" to destination register is 2.287 ns
        Info: 1: + IC(0.000 ns) + CELL(0.809 ns) = 0.809 ns; Loc. = PIN_B12; Fanout = 1; CLK Node = 'clock'
        Info: 2: + IC(0.860 ns) + CELL(0.618 ns) = 2.287 ns; Loc. = LCFF_X22_Y26_N3; Fanout = 3; REG Node = 'state'
        Info: Total cell delay = 1.427 ns ( 62.40 % )
        Info: Total interconnect delay = 0.860 ns ( 37.60 % )
Info: tco from clock "clock" to destination pin "Q" through register "state" is 4.914 ns
    Info: + Longest clock path from clock "clock" to source register is 2.287 ns
        Info: 1: + IC(0.000 ns) + CELL(0.809 ns) = 0.809 ns; Loc. = PIN_B12; Fanout = 1; CLK Node = 'clock'
        Info: 2: + IC(0.860 ns) + CELL(0.618 ns) = 2.287 ns; Loc. = LCFF_X22_Y26_N3; Fanout = 3; REG Node = 'state'
        Info: Total cell delay = 1.427 ns ( 62.40 % )
        Info: Total interconnect delay = 0.860 ns ( 37.60 % )
    Info: + Micro clock to output delay of source is 0.094 ns
    Info: + Longest register to pin delay is 2.533 ns
        Info: 1: + IC(0.000 ns) + CELL(0.000 ns) = 0.000 ns; Loc. = LCFF_X22_Y26_N3; Fanout = 3; REG Node = 'state'
        Info: 2: + IC(0.535 ns) + CELL(1.998 ns) = 2.533 ns; Loc. = PIN_C12; Fanout = 0; PIN Node = 'Q'
        Info: Total cell delay = 1.998 ns ( 78.88 % )
        Info: Total interconnect delay = 0.535 ns ( 21.12 % )
Info: th for register "state" (data pin = "K", clock pin = "clock") is -2.833 ns
    Info: + Longest clock path from clock "clock" to destination register is 2.287 ns
        Info: 1: + IC(0.000 ns) + CELL(0.809 ns) = 0.809 ns; Loc. = PIN_B12; Fanout = 1; CLK Node = 'clock'
        Info: 2: + IC(0.860 ns) + CELL(0.618 ns) = 2.287 ns; Loc. = LCFF_X22_Y26_N3; Fanout = 3; REG Node = 'state'
        Info: Total cell delay = 1.427 ns ( 62.40 % )
        Info: Total interconnect delay = 0.860 ns ( 37.60 % )
    Info: + Micro hold delay of destination is 0.149 ns
    Info: - Shortest pin to register delay is 5.269 ns
        Info: 1: + IC(0.000 ns) + CELL(0.772 ns) = 0.772 ns; Loc. = PIN_B10; Fanout = 1; PIN Node = 'K'
        Info: 2: + IC(3.964 ns) + CELL(0.378 ns) = 5.114 ns; Loc. = LCCOMB_X22_Y26_N2; Fanout = 1; COMB Node = 'Mux0~15'
        Info: 3: + IC(0.000 ns) + CELL(0.155 ns) = 5.269 ns; Loc. = LCFF_X22_Y26_N3; Fanout = 3; REG Node = 'state'
        Info: Total cell delay = 1.305 ns ( 24.77 % )
        Info: Total interconnect delay = 3.964 ns ( 75.23 % )
Info: Quartus II Classic Timing Analyzer was successful. 0 errors, 1 warning
    Info: Allocated 202 megabytes of memory during processing
    Info: Processing ended: Fri Nov 06 13:08:42 2020
    Info: Elapsed time: 00:00:00


