Classic Timing Analyzer report for aaa
Fri Nov 27 13:57:26 2020
Quartus II 64-Bit Version 7.2 Build 151 09/26/2007 SJ Full Version


---------------------
; Table of Contents ;
---------------------
  1. Legal Notice
  2. Timing Analyzer Summary
  3. Timing Analyzer Settings
  4. tpd
  5. Timing Analyzer Messages



----------------
; Legal Notice ;
----------------
Copyright (C) 1991-2007 Altera Corporation
Your use of Altera Corporation's design tools, logic functions 
and other software and tools, and its AMPP partner logic 
functions, and any output files from any of the foregoing 
(including device programming or simulation files), and any 
associated documentation or information are expressly subject 
to the terms and conditions of the Altera Program License 
Subscription Agreement, Altera MegaCore Function License 
Agreement, or other applicable license agreement, including, 
without limitation, that your use is for the sole purpose of 
programming logic devices manufactured by Altera and sold by 
Altera or its authorized distributors.  Please refer to the 
applicable agreement for further details.



+-------------------------------------------------------------------------------------------------------------------------------+
; Timing Analyzer Summary                                                                                                       ;
+------------------------------+-------+---------------+-------------+----------+--------+------------+----------+--------------+
; Type                         ; Slack ; Required Time ; Actual Time ; From     ; To     ; From Clock ; To Clock ; Failed Paths ;
+------------------------------+-------+---------------+-------------+----------+--------+------------+----------+--------------+
; Worst-case tpd               ; N/A   ; None          ; 9.762 ns    ; iOp_B[2] ; oEqual ; --         ; --       ; 0            ;
; Total number of failed paths ;       ;               ;             ;          ;        ;            ;          ; 0            ;
+------------------------------+-------+---------------+-------------+----------+--------+------------+----------+--------------+


+---------------------------------------------------------------------------------------------------------------+
; Timing Analyzer Settings                                                                                      ;
+----------------------------------------------------------------+--------------------+------+----+-------------+
; Option                                                         ; Setting            ; From ; To ; Entity Name ;
+----------------------------------------------------------------+--------------------+------+----+-------------+
; Device Name                                                    ; EP2S15F484C3       ;      ;    ;             ;
; Timing Models                                                  ; Final              ;      ;    ;             ;
; Default hold multicycle                                        ; Same as Multicycle ;      ;    ;             ;
; Cut paths between unrelated clock domains                      ; On                 ;      ;    ;             ;
; Cut off read during write signal paths                         ; On                 ;      ;    ;             ;
; Cut off feedback from I/O pins                                 ; On                 ;      ;    ;             ;
; Report Combined Fast/Slow Timing                               ; Off                ;      ;    ;             ;
; Ignore Clock Settings                                          ; Off                ;      ;    ;             ;
; Analyze latches as synchronous elements                        ; On                 ;      ;    ;             ;
; Enable Recovery/Removal analysis                               ; Off                ;      ;    ;             ;
; Enable Clock Latency                                           ; Off                ;      ;    ;             ;
; Use TimeQuest Timing Analyzer                                  ; Off                ;      ;    ;             ;
; Number of source nodes to report per destination node          ; 10                 ;      ;    ;             ;
; Number of destination nodes to report                          ; 10                 ;      ;    ;             ;
; Number of paths to report                                      ; 200                ;      ;    ;             ;
; Report Minimum Timing Checks                                   ; Off                ;      ;    ;             ;
; Use Fast Timing Models                                         ; Off                ;      ;    ;             ;
; Report IO Paths Separately                                     ; Off                ;      ;    ;             ;
; Perform Multicorner Analysis                                   ; On                 ;      ;    ;             ;
; Reports the worst-case path for each clock domain and analysis ; Off                ;      ;    ;             ;
+----------------------------------------------------------------+--------------------+------+----+-------------+


+---------------------------------------------------------------------+
; tpd                                                                 ;
+-------+-------------------+-----------------+----------+------------+
; Slack ; Required P2P Time ; Actual P2P Time ; From     ; To         ;
+-------+-------------------+-----------------+----------+------------+
; N/A   ; None              ; 9.762 ns        ; iOp_B[2] ; oEqual     ;
; N/A   ; None              ; 9.619 ns        ; iOp_B[2] ; oCarry     ;
; N/A   ; None              ; 9.387 ns        ; iOp_B[0] ; oEqual     ;
; N/A   ; None              ; 9.353 ns        ; ici      ; oEqual     ;
; N/A   ; None              ; 9.269 ns        ; iOp_B[1] ; oEqual     ;
; N/A   ; None              ; 9.244 ns        ; iOp_B[0] ; oCarry     ;
; N/A   ; None              ; 9.210 ns        ; ici      ; oCarry     ;
; N/A   ; None              ; 9.128 ns        ; iOp_B[2] ; oResult[3] ;
; N/A   ; None              ; 9.126 ns        ; iOp_B[1] ; oCarry     ;
; N/A   ; None              ; 9.047 ns        ; iOp_B[2] ; oOvF       ;
; N/A   ; None              ; 8.986 ns        ; iOp_A[1] ; oEqual     ;
; N/A   ; None              ; 8.883 ns        ; iOp_A[2] ; oEqual     ;
; N/A   ; None              ; 8.854 ns        ; iOp_A[0] ; oEqual     ;
; N/A   ; None              ; 8.843 ns        ; iOp_A[1] ; oCarry     ;
; N/A   ; None              ; 8.753 ns        ; iOp_B[0] ; oResult[3] ;
; N/A   ; None              ; 8.740 ns        ; iOp_A[2] ; oCarry     ;
; N/A   ; None              ; 8.719 ns        ; ici      ; oResult[3] ;
; N/A   ; None              ; 8.711 ns        ; iOp_A[0] ; oCarry     ;
; N/A   ; None              ; 8.672 ns        ; iOp_B[0] ; oOvF       ;
; N/A   ; None              ; 8.638 ns        ; ici      ; oOvF       ;
; N/A   ; None              ; 8.635 ns        ; iOp_B[1] ; oResult[3] ;
; N/A   ; None              ; 8.554 ns        ; iOp_B[1] ; oOvF       ;
; N/A   ; None              ; 8.539 ns        ; iOp_B[2] ; oResult[2] ;
; N/A   ; None              ; 8.352 ns        ; iOp_A[1] ; oResult[3] ;
; N/A   ; None              ; 8.284 ns        ; iOp_A[3] ; oEqual     ;
; N/A   ; None              ; 8.271 ns        ; iOp_A[1] ; oOvF       ;
; N/A   ; None              ; 8.249 ns        ; iOp_A[2] ; oResult[3] ;
; N/A   ; None              ; 8.220 ns        ; iOp_A[0] ; oResult[3] ;
; N/A   ; None              ; 8.199 ns        ; iOp_B[0] ; oResult[2] ;
; N/A   ; None              ; 8.168 ns        ; iOp_A[2] ; oOvF       ;
; N/A   ; None              ; 8.165 ns        ; ici      ; oResult[2] ;
; N/A   ; None              ; 8.139 ns        ; iOp_A[0] ; oOvF       ;
; N/A   ; None              ; 8.129 ns        ; iOp_A[3] ; oCarry     ;
; N/A   ; None              ; 8.107 ns        ; iOp_C[3] ; oEqual     ;
; N/A   ; None              ; 8.106 ns        ; iOp_C[0] ; oEqual     ;
; N/A   ; None              ; 8.081 ns        ; iOp_B[1] ; oResult[2] ;
; N/A   ; None              ; 8.081 ns        ; iOp_B[0] ; oResult[1] ;
; N/A   ; None              ; 8.047 ns        ; ici      ; oResult[1] ;
; N/A   ; None              ; 8.001 ns        ; iOp_B[0] ; oResult[0] ;
; N/A   ; None              ; 7.983 ns        ; ici      ; oResult[0] ;
; N/A   ; None              ; 7.961 ns        ; iOp_C[1] ; oEqual     ;
; N/A   ; None              ; 7.949 ns        ; iOp_B[1] ; oResult[1] ;
; N/A   ; None              ; 7.838 ns        ; iOp_A[3] ; oOvF       ;
; N/A   ; None              ; 7.798 ns        ; iOp_A[1] ; oResult[2] ;
; N/A   ; None              ; 7.723 ns        ; iOp_B[3] ; oEqual     ;
; N/A   ; None              ; 7.680 ns        ; iOp_C[2] ; oEqual     ;
; N/A   ; None              ; 7.667 ns        ; iOp_A[2] ; oResult[2] ;
; N/A   ; None              ; 7.666 ns        ; iOp_A[0] ; oResult[2] ;
; N/A   ; None              ; 7.658 ns        ; iOp_A[1] ; oResult[1] ;
; N/A   ; None              ; 7.638 ns        ; iOp_A[3] ; oResult[3] ;
; N/A   ; None              ; 7.582 ns        ; iOp_B[3] ; oCarry     ;
; N/A   ; None              ; 7.548 ns        ; iOp_A[0] ; oResult[1] ;
; N/A   ; None              ; 7.456 ns        ; iOp_A[0] ; oResult[0] ;
; N/A   ; None              ; 7.279 ns        ; iOp_B[3] ; oOvF       ;
; N/A   ; None              ; 7.090 ns        ; iOp_B[3] ; oResult[3] ;
+-------+-------------------+-----------------+----------+------------+


+--------------------------+
; Timing Analyzer Messages ;
+--------------------------+
Info: *******************************************************************
Info: Running Quartus II 64-Bit Classic Timing Analyzer
    Info: Version 7.2 Build 151 09/26/2007 SJ Full Version
    Info: Processing started: Fri Nov 27 13:57:19 2020
Info: Command: quartus_tan --read_settings_files=off --write_settings_files=off aaa -c aaa --timing_analysis_only
Info: Longest tpd from source pin "iOp_B[2]" to destination pin "oEqual" is 9.762 ns
    Info: 1: + IC(0.000 ns) + CELL(0.857 ns) = 0.857 ns; Loc. = PIN_C17; Fanout = 2; PIN Node = 'iOp_B[2]'
    Info: 2: + IC(4.540 ns) + CELL(0.436 ns) = 5.833 ns; Loc. = LCCOMB_X11_Y1_N6; Fanout = 1; COMB Node = 'Adder_4:C101|Add0~39'
    Info: 3: + IC(0.000 ns) + CELL(0.125 ns) = 5.958 ns; Loc. = LCCOMB_X11_Y1_N8; Fanout = 4; COMB Node = 'Adder_4:C101|Add0~42'
    Info: 4: + IC(0.327 ns) + CELL(0.378 ns) = 6.663 ns; Loc. = LCCOMB_X11_Y1_N14; Fanout = 1; COMB Node = 'Compar_4:C001|EQU~192'
    Info: 5: + IC(0.236 ns) + CELL(0.228 ns) = 7.127 ns; Loc. = LCCOMB_X11_Y1_N10; Fanout = 1; COMB Node = 'Compar_4:C001|EQU~191'
    Info: 6: + IC(0.663 ns) + CELL(1.972 ns) = 9.762 ns; Loc. = PIN_AA16; Fanout = 0; PIN Node = 'oEqual'
    Info: Total cell delay = 3.996 ns ( 40.93 % )
    Info: Total interconnect delay = 5.766 ns ( 59.07 % )
Info: Quartus II 64-Bit Classic Timing Analyzer was successful. 0 errors, 0 warnings
    Info: Allocated 4383 megabytes of memory during processing
    Info: Processing ended: Fri Nov 27 13:57:34 2020
    Info: Elapsed time: 00:00:15


