Classic Timing Analyzer report for shift_reg
Sat Nov 07 09:10:53 2020
Quartus II Version 7.2 Build 151 09/26/2007 SJ Full Version


---------------------
; Table of Contents ;
---------------------
  1. Legal Notice
  2. Timing Analyzer Summary
  3. Timing Analyzer Settings
  4. Clock Settings Summary
  5. Clock Setup: 'clock'
  6. tsu
  7. tco
  8. th
  9. Timing Analyzer Messages



----------------
; Legal Notice ;
----------------
Copyright (C) 1991-2007 Altera Corporation
Your use of Altera Corporation's design tools, logic functions 
and other software and tools, and its AMPP partner logic 
functions, and any output files from any of the foregoing 
(including device programming or simulation files), and any 
associated documentation or information are expressly subject 
to the terms and conditions of the Altera Program License 
Subscription Agreement, Altera MegaCore Function License 
Agreement, or other applicable license agreement, including, 
without limitation, that your use is for the sole purpose of 
programming logic devices manufactured by Altera and sold by 
Altera or its authorized distributors.  Please refer to the 
applicable agreement for further details.



+-------------------------------------------------------------------------------------------------------------------------------------------------------------+
; Timing Analyzer Summary                                                                                                                                     ;
+------------------------------+-------+---------------+------------------------------------------------+-------+------+------------+----------+--------------+
; Type                         ; Slack ; Required Time ; Actual Time                                    ; From  ; To   ; From Clock ; To Clock ; Failed Paths ;
+------------------------------+-------+---------------+------------------------------------------------+-------+------+------------+----------+--------------+
; Worst-case tsu               ; N/A   ; None          ; 2.663 ns                                       ; shift ; S[2] ; --         ; clock    ; 0            ;
; Worst-case tco               ; N/A   ; None          ; 5.048 ns                                       ; S[0]  ; Q    ; clock      ; --       ; 0            ;
; Worst-case th                ; N/A   ; None          ; -1.977 ns                                      ; I     ; S[2] ; --         ; clock    ; 0            ;
; Clock Setup: 'clock'         ; N/A   ; None          ; Restricted to 500.00 MHz ( period = 2.000 ns ) ; S[2]  ; S[1] ; clock      ; clock    ; 0            ;
; Total number of failed paths ;       ;               ;                                                ;       ;      ;            ;          ; 0            ;
+------------------------------+-------+---------------+------------------------------------------------+-------+------+------------+----------+--------------+


+---------------------------------------------------------------------------------------------------------------+
; Timing Analyzer Settings                                                                                      ;
+----------------------------------------------------------------+--------------------+------+----+-------------+
; Option                                                         ; Setting            ; From ; To ; Entity Name ;
+----------------------------------------------------------------+--------------------+------+----+-------------+
; Device Name                                                    ; EP2S15F484C3       ;      ;    ;             ;
; Timing Models                                                  ; Final              ;      ;    ;             ;
; Default hold multicycle                                        ; Same as Multicycle ;      ;    ;             ;
; Cut paths between unrelated clock domains                      ; On                 ;      ;    ;             ;
; Cut off read during write signal paths                         ; On                 ;      ;    ;             ;
; Cut off feedback from I/O pins                                 ; On                 ;      ;    ;             ;
; Report Combined Fast/Slow Timing                               ; Off                ;      ;    ;             ;
; Ignore Clock Settings                                          ; Off                ;      ;    ;             ;
; Analyze latches as synchronous elements                        ; On                 ;      ;    ;             ;
; Enable Recovery/Removal analysis                               ; Off                ;      ;    ;             ;
; Enable Clock Latency                                           ; Off                ;      ;    ;             ;
; Use TimeQuest Timing Analyzer                                  ; Off                ;      ;    ;             ;
; Number of source nodes to report per destination node          ; 10                 ;      ;    ;             ;
; Number of destination nodes to report                          ; 10                 ;      ;    ;             ;
; Number of paths to report                                      ; 200                ;      ;    ;             ;
; Report Minimum Timing Checks                                   ; Off                ;      ;    ;             ;
; Use Fast Timing Models                                         ; Off                ;      ;    ;             ;
; Report IO Paths Separately                                     ; Off                ;      ;    ;             ;
; Perform Multicorner Analysis                                   ; On                 ;      ;    ;             ;
; Reports the worst-case path for each clock domain and analysis ; Off                ;      ;    ;             ;
+----------------------------------------------------------------+--------------------+------+----+-------------+


+------------------------------------------------------------------------------------------------------------------------------------------------------------------------------------+
; Clock Settings Summary                                                                                                                                                             ;
+-----------------+--------------------+----------+------------------+---------------+--------------+----------+-----------------------+---------------------+--------+--------------+
; Clock Node Name ; Clock Setting Name ; Type     ; Fmax Requirement ; Early Latency ; Late Latency ; Based on ; Multiply Base Fmax by ; Divide Base Fmax by ; Offset ; Phase offset ;
+-----------------+--------------------+----------+------------------+---------------+--------------+----------+-----------------------+---------------------+--------+--------------+
; clock           ;                    ; User Pin ; None             ; 0.000 ns      ; 0.000 ns     ; --       ; N/A                   ; N/A                 ; N/A    ;              ;
+-----------------+--------------------+----------+------------------+---------------+--------------+----------+-----------------------+---------------------+--------+--------------+


+----------------------------------------------------------------------------------------------------------------------------------------------------------------------------------+
; Clock Setup: 'clock'                                                                                                                                                             ;
+-------+------------------------------------------------+------+------+------------+----------+-----------------------------+---------------------------+-------------------------+
; Slack ; Actual fmax (period)                           ; From ; To   ; From Clock ; To Clock ; Required Setup Relationship ; Required Longest P2P Time ; Actual Longest P2P Time ;
+-------+------------------------------------------------+------+------+------------+----------+-----------------------------+---------------------------+-------------------------+
; N/A   ; Restricted to 500.00 MHz ( period = 2.000 ns ) ; S[2] ; S[1] ; clock      ; clock    ; None                        ; None                      ; 0.406 ns                ;
; N/A   ; Restricted to 500.00 MHz ( period = 2.000 ns ) ; S[1] ; S[0] ; clock      ; clock    ; None                        ; None                      ; 0.404 ns                ;
+-------+------------------------------------------------+------+------+------------+----------+-----------------------------+---------------------------+-------------------------+


+-------------------------------------------------------------+
; tsu                                                         ;
+-------+--------------+------------+-------+------+----------+
; Slack ; Required tsu ; Actual tsu ; From  ; To   ; To Clock ;
+-------+--------------+------------+-------+------+----------+
; N/A   ; None         ; 2.663 ns   ; shift ; S[0] ; clock    ;
; N/A   ; None         ; 2.663 ns   ; shift ; S[1] ; clock    ;
; N/A   ; None         ; 2.663 ns   ; shift ; S[2] ; clock    ;
; N/A   ; None         ; 2.216 ns   ; I     ; S[2] ; clock    ;
+-------+--------------+------------+-------+------+----------+


+------------------------------------------------------------+
; tco                                                        ;
+-------+--------------+------------+------+----+------------+
; Slack ; Required tco ; Actual tco ; From ; To ; From Clock ;
+-------+--------------+------------+------+----+------------+
; N/A   ; None         ; 5.048 ns   ; S[0] ; Q  ; clock      ;
+-------+--------------+------------+------+----+------------+


+-------------------------------------------------------------------+
; th                                                                ;
+---------------+-------------+-----------+-------+------+----------+
; Minimum Slack ; Required th ; Actual th ; From  ; To   ; To Clock ;
+---------------+-------------+-----------+-------+------+----------+
; N/A           ; None        ; -1.977 ns ; I     ; S[2] ; clock    ;
; N/A           ; None        ; -2.424 ns ; shift ; S[0] ; clock    ;
; N/A           ; None        ; -2.424 ns ; shift ; S[1] ; clock    ;
; N/A           ; None        ; -2.424 ns ; shift ; S[2] ; clock    ;
+---------------+-------------+-----------+-------+------+----------+


+--------------------------+
; Timing Analyzer Messages ;
+--------------------------+
Info: *******************************************************************
Info: Running Quartus II Classic Timing Analyzer
    Info: Version 7.2 Build 151 09/26/2007 SJ Full Version
    Info: Processing started: Sat Nov 07 09:10:53 2020
Info: Command: quartus_tan --read_settings_files=off --write_settings_files=off shift_reg -c shift_reg --timing_analysis_only
Warning: Found pins functioning as undefined clocks and/or memory enables
    Info: Assuming node "clock" is an undefined clock
Info: Clock "clock" Internal fmax is restricted to 500.0 MHz between source register "S[2]" and destination register "S[1]"
    Info: fmax restricted to clock pin edge rate 2.0 ns. Expand message to see actual delay path.
        Info: + Longest register to register delay is 0.406 ns
            Info: 1: + IC(0.000 ns) + CELL(0.000 ns) = 0.000 ns; Loc. = LCFF_X39_Y16_N5; Fanout = 1; REG Node = 'S[2]'
            Info: 2: + IC(0.198 ns) + CELL(0.053 ns) = 0.251 ns; Loc. = LCCOMB_X39_Y16_N0; Fanout = 1; COMB Node = 'S[1]~feeder'
            Info: 3: + IC(0.000 ns) + CELL(0.155 ns) = 0.406 ns; Loc. = LCFF_X39_Y16_N1; Fanout = 1; REG Node = 'S[1]'
            Info: Total cell delay = 0.208 ns ( 51.23 % )
            Info: Total interconnect delay = 0.198 ns ( 48.77 % )
        Info: - Smallest clock skew is 0.000 ns
            Info: + Shortest clock path from clock "clock" to destination register is 2.487 ns
                Info: 1: + IC(0.000 ns) + CELL(0.854 ns) = 0.854 ns; Loc. = PIN_N20; Fanout = 1; CLK Node = 'clock'
                Info: 2: + IC(0.343 ns) + CELL(0.000 ns) = 1.197 ns; Loc. = CLKCTRL_G3; Fanout = 3; COMB Node = 'clock~clkctrl'
                Info: 3: + IC(0.672 ns) + CELL(0.618 ns) = 2.487 ns; Loc. = LCFF_X39_Y16_N1; Fanout = 1; REG Node = 'S[1]'
                Info: Total cell delay = 1.472 ns ( 59.19 % )
                Info: Total interconnect delay = 1.015 ns ( 40.81 % )
            Info: - Longest clock path from clock "clock" to source register is 2.487 ns
                Info: 1: + IC(0.000 ns) + CELL(0.854 ns) = 0.854 ns; Loc. = PIN_N20; Fanout = 1; CLK Node = 'clock'
                Info: 2: + IC(0.343 ns) + CELL(0.000 ns) = 1.197 ns; Loc. = CLKCTRL_G3; Fanout = 3; COMB Node = 'clock~clkctrl'
                Info: 3: + IC(0.672 ns) + CELL(0.618 ns) = 2.487 ns; Loc. = LCFF_X39_Y16_N5; Fanout = 1; REG Node = 'S[2]'
                Info: Total cell delay = 1.472 ns ( 59.19 % )
                Info: Total interconnect delay = 1.015 ns ( 40.81 % )
        Info: + Micro clock to output delay of source is 0.094 ns
        Info: + Micro setup delay of destination is 0.090 ns
Info: tsu for register "S[0]" (data pin = "shift", clock pin = "clock") is 2.663 ns
    Info: + Longest pin to register delay is 5.060 ns
        Info: 1: + IC(0.000 ns) + CELL(0.864 ns) = 0.864 ns; Loc. = PIN_M2; Fanout = 3; PIN Node = 'shift'
        Info: 2: + IC(3.450 ns) + CELL(0.746 ns) = 5.060 ns; Loc. = LCFF_X39_Y16_N3; Fanout = 1; REG Node = 'S[0]'
        Info: Total cell delay = 1.610 ns ( 31.82 % )
        Info: Total interconnect delay = 3.450 ns ( 68.18 % )
    Info: + Micro setup delay of destination is 0.090 ns
    Info: - Shortest clock path from clock "clock" to destination register is 2.487 ns
        Info: 1: + IC(0.000 ns) + CELL(0.854 ns) = 0.854 ns; Loc. = PIN_N20; Fanout = 1; CLK Node = 'clock'
        Info: 2: + IC(0.343 ns) + CELL(0.000 ns) = 1.197 ns; Loc. = CLKCTRL_G3; Fanout = 3; COMB Node = 'clock~clkctrl'
        Info: 3: + IC(0.672 ns) + CELL(0.618 ns) = 2.487 ns; Loc. = LCFF_X39_Y16_N3; Fanout = 1; REG Node = 'S[0]'
        Info: Total cell delay = 1.472 ns ( 59.19 % )
        Info: Total interconnect delay = 1.015 ns ( 40.81 % )
Info: tco from clock "clock" to destination pin "Q" through register "S[0]" is 5.048 ns
    Info: + Longest clock path from clock "clock" to source register is 2.487 ns
        Info: 1: + IC(0.000 ns) + CELL(0.854 ns) = 0.854 ns; Loc. = PIN_N20; Fanout = 1; CLK Node = 'clock'
        Info: 2: + IC(0.343 ns) + CELL(0.000 ns) = 1.197 ns; Loc. = CLKCTRL_G3; Fanout = 3; COMB Node = 'clock~clkctrl'
        Info: 3: + IC(0.672 ns) + CELL(0.618 ns) = 2.487 ns; Loc. = LCFF_X39_Y16_N3; Fanout = 1; REG Node = 'S[0]'
        Info: Total cell delay = 1.472 ns ( 59.19 % )
        Info: Total interconnect delay = 1.015 ns ( 40.81 % )
    Info: + Micro clock to output delay of source is 0.094 ns
    Info: + Longest register to pin delay is 2.467 ns
        Info: 1: + IC(0.000 ns) + CELL(0.000 ns) = 0.000 ns; Loc. = LCFF_X39_Y16_N3; Fanout = 1; REG Node = 'S[0]'
        Info: 2: + IC(0.323 ns) + CELL(2.144 ns) = 2.467 ns; Loc. = PIN_L2; Fanout = 0; PIN Node = 'Q'
        Info: Total cell delay = 2.144 ns ( 86.91 % )
        Info: Total interconnect delay = 0.323 ns ( 13.09 % )
Info: th for register "S[2]" (data pin = "I", clock pin = "clock") is -1.977 ns
    Info: + Longest clock path from clock "clock" to destination register is 2.487 ns
        Info: 1: + IC(0.000 ns) + CELL(0.854 ns) = 0.854 ns; Loc. = PIN_N20; Fanout = 1; CLK Node = 'clock'
        Info: 2: + IC(0.343 ns) + CELL(0.000 ns) = 1.197 ns; Loc. = CLKCTRL_G3; Fanout = 3; COMB Node = 'clock~clkctrl'
        Info: 3: + IC(0.672 ns) + CELL(0.618 ns) = 2.487 ns; Loc. = LCFF_X39_Y16_N5; Fanout = 1; REG Node = 'S[2]'
        Info: Total cell delay = 1.472 ns ( 59.19 % )
        Info: Total interconnect delay = 1.015 ns ( 40.81 % )
    Info: + Micro hold delay of destination is 0.149 ns
    Info: - Shortest pin to register delay is 4.613 ns
        Info: 1: + IC(0.000 ns) + CELL(0.864 ns) = 0.864 ns; Loc. = PIN_M3; Fanout = 1; PIN Node = 'I'
        Info: 2: + IC(3.440 ns) + CELL(0.154 ns) = 4.458 ns; Loc. = LCCOMB_X39_Y16_N4; Fanout = 1; COMB Node = 'S[2]~77'
        Info: 3: + IC(0.000 ns) + CELL(0.155 ns) = 4.613 ns; Loc. = LCFF_X39_Y16_N5; Fanout = 1; REG Node = 'S[2]'
        Info: Total cell delay = 1.173 ns ( 25.43 % )
        Info: Total interconnect delay = 3.440 ns ( 74.57 % )
Info: Quartus II Classic Timing Analyzer was successful. 0 errors, 1 warning
    Info: Allocated 202 megabytes of memory during processing
    Info: Processing ended: Sat Nov 07 09:10:54 2020
    Info: Elapsed time: 00:00:01


